{"/home/ubuntu/repos/auto-project/src/core/stats-calculator.js": {"path":"/home/ubuntu/repos/auto-project/src/core/stats-calculator.js","statementMap":{"0":{"start":{"line":104,"column":4},"end":{"line":104,"column":null}},"1":{"start":{"line":113,"column":4},"end":{"line":113,"column":null}},"2":{"start":{"line":122,"column":4},"end":{"line":122,"column":null}},"3":{"start":{"line":133,"column":4},"end":{"line":135,"column":null}},"4":{"start":{"line":134,"column":6},"end":{"line":134,"column":null}},"5":{"start":{"line":137,"column":24},"end":{"line":137,"column":41}},"6":{"start":{"line":138,"column":29},"end":{"line":138,"column":60}},"7":{"start":{"line":139,"column":4},"end":{"line":139,"column":null}},"8":{"start":{"line":148,"column":24},"end":{"line":148,"column":41}},"9":{"start":{"line":150,"column":4},"end":{"line":157,"column":null}},"10":{"start":{"line":151,"column":6},"end":{"line":156,"column":null}},"11":{"start":{"line":152,"column":22},"end":{"line":152,"column":44}},"12":{"start":{"line":153,"column":8},"end":{"line":155,"column":null}},"13":{"start":{"line":154,"column":10},"end":{"line":154,"column":null}},"14":{"start":{"line":159,"column":4},"end":{"line":188,"column":null}},"15":{"start":{"line":160,"column":6},"end":{"line":187,"column":null}},"16":{"start":{"line":161,"column":19},"end":{"line":161,"column":37}},"17":{"start":{"line":162,"column":8},"end":{"line":162,"column":null}},"18":{"start":{"line":162,"column":26},"end":{"line":162,"column":null}},"19":{"start":{"line":163,"column":8},"end":{"line":163,"column":null}},"20":{"start":{"line":163,"column":32},"end":{"line":163,"column":null}},"21":{"start":{"line":164,"column":8},"end":{"line":164,"column":null}},"22":{"start":{"line":164,"column":27},"end":{"line":164,"column":null}},"23":{"start":{"line":165,"column":8},"end":{"line":165,"column":null}},"24":{"start":{"line":165,"column":31},"end":{"line":165,"column":null}},"25":{"start":{"line":166,"column":8},"end":{"line":166,"column":null}},"26":{"start":{"line":166,"column":30},"end":{"line":166,"column":null}},"27":{"start":{"line":167,"column":8},"end":{"line":167,"column":null}},"28":{"start":{"line":167,"column":30},"end":{"line":167,"column":null}},"29":{"start":{"line":168,"column":8},"end":{"line":168,"column":null}},"30":{"start":{"line":168,"column":43},"end":{"line":168,"column":null}},"31":{"start":{"line":169,"column":8},"end":{"line":169,"column":null}},"32":{"start":{"line":169,"column":40},"end":{"line":169,"column":null}},"33":{"start":{"line":170,"column":8},"end":{"line":170,"column":null}},"34":{"start":{"line":170,"column":40},"end":{"line":170,"column":null}},"35":{"start":{"line":171,"column":8},"end":{"line":171,"column":null}},"36":{"start":{"line":171,"column":34},"end":{"line":171,"column":null}},"37":{"start":{"line":172,"column":8},"end":{"line":172,"column":null}},"38":{"start":{"line":172,"column":34},"end":{"line":172,"column":null}},"39":{"start":{"line":173,"column":8},"end":{"line":173,"column":null}},"40":{"start":{"line":173,"column":33},"end":{"line":173,"column":null}},"41":{"start":{"line":174,"column":8},"end":{"line":174,"column":null}},"42":{"start":{"line":174,"column":33},"end":{"line":174,"column":null}},"43":{"start":{"line":175,"column":8},"end":{"line":175,"column":null}},"44":{"start":{"line":175,"column":43},"end":{"line":175,"column":null}},"45":{"start":{"line":176,"column":8},"end":{"line":176,"column":null}},"46":{"start":{"line":176,"column":32},"end":{"line":176,"column":null}},"47":{"start":{"line":177,"column":8},"end":{"line":177,"column":null}},"48":{"start":{"line":177,"column":31},"end":{"line":177,"column":null}},"49":{"start":{"line":178,"column":8},"end":{"line":178,"column":null}},"50":{"start":{"line":178,"column":44},"end":{"line":178,"column":null}},"51":{"start":{"line":179,"column":8},"end":{"line":179,"column":null}},"52":{"start":{"line":179,"column":33},"end":{"line":179,"column":null}},"53":{"start":{"line":180,"column":8},"end":{"line":180,"column":null}},"54":{"start":{"line":180,"column":44},"end":{"line":180,"column":null}},"55":{"start":{"line":181,"column":8},"end":{"line":181,"column":null}},"56":{"start":{"line":181,"column":40},"end":{"line":181,"column":null}},"57":{"start":{"line":182,"column":8},"end":{"line":182,"column":null}},"58":{"start":{"line":182,"column":34},"end":{"line":182,"column":null}},"59":{"start":{"line":183,"column":8},"end":{"line":183,"column":null}},"60":{"start":{"line":183,"column":29},"end":{"line":183,"column":null}},"61":{"start":{"line":184,"column":8},"end":{"line":184,"column":null}},"62":{"start":{"line":184,"column":42},"end":{"line":184,"column":null}},"63":{"start":{"line":185,"column":8},"end":{"line":185,"column":null}},"64":{"start":{"line":185,"column":36},"end":{"line":185,"column":null}},"65":{"start":{"line":186,"column":8},"end":{"line":186,"column":null}},"66":{"start":{"line":186,"column":30},"end":{"line":186,"column":null}},"67":{"start":{"line":190,"column":25},"end":{"line":190,"column":74}},"68":{"start":{"line":192,"column":4},"end":{"line":198,"column":null}},"69":{"start":{"line":193,"column":6},"end":{"line":197,"column":null}},"70":{"start":{"line":194,"column":8},"end":{"line":196,"column":null}},"71":{"start":{"line":195,"column":10},"end":{"line":195,"column":null}},"72":{"start":{"line":200,"column":4},"end":{"line":207,"column":null}}},"fnMap":{"0":{"name":"(anonymous_0)","decl":{"start":{"line":103,"column":9},"end":{"line":103,"column":33}},"loc":{"start":{"line":103,"column":46},"end":{"line":105,"column":null}},"line":103},"1":{"name":"(anonymous_1)","decl":{"start":{"line":112,"column":9},"end":{"line":112,"column":32}},"loc":{"start":{"line":112,"column":44},"end":{"line":114,"column":null}},"line":112},"2":{"name":"(anonymous_2)","decl":{"start":{"line":121,"column":9},"end":{"line":121,"column":32}},"loc":{"start":{"line":121,"column":44},"end":{"line":123,"column":null}},"line":121},"3":{"name":"(anonymous_3)","decl":{"start":{"line":132,"column":9},"end":{"line":132,"column":32}},"loc":{"start":{"line":132,"column":70},"end":{"line":140,"column":null}},"line":132},"4":{"name":"(anonymous_4)","decl":{"start":{"line":147,"column":9},"end":{"line":147,"column":25}},"loc":{"start":{"line":147,"column":32},"end":{"line":208,"column":null}},"line":147}},"branchMap":{"0":{"loc":{"start":{"line":133,"column":4},"end":{"line":135,"column":null}},"type":"if","locations":[{"start":{"line":133,"column":4},"end":{"line":135,"column":null}},{"start":{},"end":{}}],"line":133},"1":{"loc":{"start":{"line":150,"column":4},"end":{"line":157,"column":null}},"type":"if","locations":[{"start":{"line":150,"column":4},"end":{"line":157,"column":null}},{"start":{},"end":{}}],"line":150},"2":{"loc":{"start":{"line":150,"column":8},"end":{"line":150,"column":69}},"type":"binary-expr","locations":[{"start":{"line":150,"column":8},"end":{"line":150,"column":31}},{"start":{"line":150,"column":35},"end":{"line":150,"column":69}}],"line":150},"3":{"loc":{"start":{"line":153,"column":8},"end":{"line":155,"column":null}},"type":"if","locations":[{"start":{"line":153,"column":8},"end":{"line":155,"column":null}},{"start":{},"end":{}}],"line":153},"4":{"loc":{"start":{"line":159,"column":4},"end":{"line":188,"column":null}},"type":"if","locations":[{"start":{"line":159,"column":4},"end":{"line":188,"column":null}},{"start":{},"end":{}}],"line":159},"5":{"loc":{"start":{"line":159,"column":8},"end":{"line":159,"column":51}},"type":"binary-expr","locations":[{"start":{"line":159,"column":8},"end":{"line":159,"column":22}},{"start":{"line":159,"column":26},"end":{"line":159,"column":51}}],"line":159},"6":{"loc":{"start":{"line":161,"column":19},"end":{"line":161,"column":37}},"type":"binary-expr","locations":[{"start":{"line":161,"column":19},"end":{"line":161,"column":31}},{"start":{"line":161,"column":35},"end":{"line":161,"column":37}}],"line":161},"7":{"loc":{"start":{"line":162,"column":8},"end":{"line":162,"column":null}},"type":"if","locations":[{"start":{"line":162,"column":8},"end":{"line":162,"column":null}},{"start":{},"end":{}}],"line":162},"8":{"loc":{"start":{"line":163,"column":8},"end":{"line":163,"column":null}},"type":"if","locations":[{"start":{"line":163,"column":8},"end":{"line":163,"column":null}},{"start":{},"end":{}}],"line":163},"9":{"loc":{"start":{"line":163,"column":66},"end":{"line":163,"column":101}},"type":"binary-expr","locations":[{"start":{"line":163,"column":66},"end":{"line":163,"column":96}},{"start":{"line":163,"column":100},"end":{"line":163,"column":101}}],"line":163},"10":{"loc":{"start":{"line":164,"column":8},"end":{"line":164,"column":null}},"type":"if","locations":[{"start":{"line":164,"column":8},"end":{"line":164,"column":null}},{"start":{},"end":{}}],"line":164},"11":{"loc":{"start":{"line":165,"column":8},"end":{"line":165,"column":null}},"type":"if","locations":[{"start":{"line":165,"column":8},"end":{"line":165,"column":null}},{"start":{},"end":{}}],"line":165},"12":{"loc":{"start":{"line":166,"column":8},"end":{"line":166,"column":null}},"type":"if","locations":[{"start":{"line":166,"column":8},"end":{"line":166,"column":null}},{"start":{},"end":{}}],"line":166},"13":{"loc":{"start":{"line":166,"column":58},"end":{"line":166,"column":89}},"type":"binary-expr","locations":[{"start":{"line":166,"column":58},"end":{"line":166,"column":82}},{"start":{"line":166,"column":86},"end":{"line":166,"column":89}}],"line":166},"14":{"loc":{"start":{"line":167,"column":8},"end":{"line":167,"column":null}},"type":"if","locations":[{"start":{"line":167,"column":8},"end":{"line":167,"column":null}},{"start":{},"end":{}}],"line":167},"15":{"loc":{"start":{"line":167,"column":58},"end":{"line":167,"column":87}},"type":"binary-expr","locations":[{"start":{"line":167,"column":58},"end":{"line":167,"column":82}},{"start":{"line":167,"column":86},"end":{"line":167,"column":87}}],"line":167},"16":{"loc":{"start":{"line":168,"column":8},"end":{"line":168,"column":null}},"type":"if","locations":[{"start":{"line":168,"column":8},"end":{"line":168,"column":null}},{"start":{},"end":{}}],"line":168},"17":{"loc":{"start":{"line":168,"column":84},"end":{"line":168,"column":126}},"type":"binary-expr","locations":[{"start":{"line":168,"column":84},"end":{"line":168,"column":121}},{"start":{"line":168,"column":125},"end":{"line":168,"column":126}}],"line":168},"18":{"loc":{"start":{"line":169,"column":8},"end":{"line":169,"column":null}},"type":"if","locations":[{"start":{"line":169,"column":8},"end":{"line":169,"column":null}},{"start":{},"end":{}}],"line":169},"19":{"loc":{"start":{"line":169,"column":78},"end":{"line":169,"column":117}},"type":"binary-expr","locations":[{"start":{"line":169,"column":78},"end":{"line":169,"column":112}},{"start":{"line":169,"column":116},"end":{"line":169,"column":117}}],"line":169},"20":{"loc":{"start":{"line":170,"column":8},"end":{"line":170,"column":null}},"type":"if","locations":[{"start":{"line":170,"column":8},"end":{"line":170,"column":null}},{"start":{},"end":{}}],"line":170},"21":{"loc":{"start":{"line":170,"column":78},"end":{"line":170,"column":117}},"type":"binary-expr","locations":[{"start":{"line":170,"column":78},"end":{"line":170,"column":112}},{"start":{"line":170,"column":116},"end":{"line":170,"column":117}}],"line":170},"22":{"loc":{"start":{"line":171,"column":8},"end":{"line":171,"column":null}},"type":"if","locations":[{"start":{"line":171,"column":8},"end":{"line":171,"column":null}},{"start":{},"end":{}}],"line":171},"23":{"loc":{"start":{"line":171,"column":69},"end":{"line":171,"column":105}},"type":"binary-expr","locations":[{"start":{"line":171,"column":69},"end":{"line":171,"column":100}},{"start":{"line":171,"column":104},"end":{"line":171,"column":105}}],"line":171},"24":{"loc":{"start":{"line":172,"column":8},"end":{"line":172,"column":null}},"type":"if","locations":[{"start":{"line":172,"column":8},"end":{"line":172,"column":null}},{"start":{},"end":{}}],"line":172},"25":{"loc":{"start":{"line":172,"column":69},"end":{"line":172,"column":105}},"type":"binary-expr","locations":[{"start":{"line":172,"column":69},"end":{"line":172,"column":100}},{"start":{"line":172,"column":104},"end":{"line":172,"column":105}}],"line":172},"26":{"loc":{"start":{"line":173,"column":8},"end":{"line":173,"column":null}},"type":"if","locations":[{"start":{"line":173,"column":8},"end":{"line":173,"column":null}},{"start":{},"end":{}}],"line":173},"27":{"loc":{"start":{"line":173,"column":67},"end":{"line":173,"column":102}},"type":"binary-expr","locations":[{"start":{"line":173,"column":67},"end":{"line":173,"column":97}},{"start":{"line":173,"column":101},"end":{"line":173,"column":102}}],"line":173},"28":{"loc":{"start":{"line":174,"column":8},"end":{"line":174,"column":null}},"type":"if","locations":[{"start":{"line":174,"column":8},"end":{"line":174,"column":null}},{"start":{},"end":{}}],"line":174},"29":{"loc":{"start":{"line":174,"column":67},"end":{"line":174,"column":102}},"type":"binary-expr","locations":[{"start":{"line":174,"column":67},"end":{"line":174,"column":97}},{"start":{"line":174,"column":101},"end":{"line":174,"column":102}}],"line":174},"30":{"loc":{"start":{"line":175,"column":8},"end":{"line":175,"column":null}},"type":"if","locations":[{"start":{"line":175,"column":8},"end":{"line":175,"column":null}},{"start":{},"end":{}}],"line":175},"31":{"loc":{"start":{"line":175,"column":83},"end":{"line":175,"column":124}},"type":"binary-expr","locations":[{"start":{"line":175,"column":83},"end":{"line":175,"column":119}},{"start":{"line":175,"column":123},"end":{"line":175,"column":124}}],"line":175},"32":{"loc":{"start":{"line":176,"column":8},"end":{"line":176,"column":null}},"type":"if","locations":[{"start":{"line":176,"column":8},"end":{"line":176,"column":null}},{"start":{},"end":{}}],"line":176},"33":{"loc":{"start":{"line":176,"column":65},"end":{"line":176,"column":99}},"type":"binary-expr","locations":[{"start":{"line":176,"column":65},"end":{"line":176,"column":94}},{"start":{"line":176,"column":98},"end":{"line":176,"column":99}}],"line":176},"34":{"loc":{"start":{"line":177,"column":8},"end":{"line":177,"column":null}},"type":"if","locations":[{"start":{"line":177,"column":8},"end":{"line":177,"column":null}},{"start":{},"end":{}}],"line":177},"35":{"loc":{"start":{"line":177,"column":63},"end":{"line":177,"column":96}},"type":"binary-expr","locations":[{"start":{"line":177,"column":63},"end":{"line":177,"column":91}},{"start":{"line":177,"column":95},"end":{"line":177,"column":96}}],"line":177},"36":{"loc":{"start":{"line":178,"column":8},"end":{"line":178,"column":null}},"type":"if","locations":[{"start":{"line":178,"column":8},"end":{"line":178,"column":null}},{"start":{},"end":{}}],"line":178},"37":{"loc":{"start":{"line":178,"column":86},"end":{"line":178,"column":129}},"type":"binary-expr","locations":[{"start":{"line":178,"column":86},"end":{"line":178,"column":124}},{"start":{"line":178,"column":128},"end":{"line":178,"column":129}}],"line":178},"38":{"loc":{"start":{"line":179,"column":8},"end":{"line":179,"column":null}},"type":"if","locations":[{"start":{"line":179,"column":8},"end":{"line":179,"column":null}},{"start":{},"end":{}}],"line":179},"39":{"loc":{"start":{"line":179,"column":64},"end":{"line":179,"column":96}},"type":"binary-expr","locations":[{"start":{"line":179,"column":64},"end":{"line":179,"column":91}},{"start":{"line":179,"column":95},"end":{"line":179,"column":96}}],"line":179},"40":{"loc":{"start":{"line":180,"column":8},"end":{"line":180,"column":null}},"type":"if","locations":[{"start":{"line":180,"column":8},"end":{"line":180,"column":null}},{"start":{},"end":{}}],"line":180},"41":{"loc":{"start":{"line":180,"column":86},"end":{"line":180,"column":129}},"type":"binary-expr","locations":[{"start":{"line":180,"column":86},"end":{"line":180,"column":124}},{"start":{"line":180,"column":128},"end":{"line":180,"column":129}}],"line":180},"42":{"loc":{"start":{"line":181,"column":8},"end":{"line":181,"column":null}},"type":"if","locations":[{"start":{"line":181,"column":8},"end":{"line":181,"column":null}},{"start":{},"end":{}}],"line":181},"43":{"loc":{"start":{"line":181,"column":81},"end":{"line":181,"column":123}},"type":"binary-expr","locations":[{"start":{"line":181,"column":81},"end":{"line":181,"column":118}},{"start":{"line":181,"column":122},"end":{"line":181,"column":123}}],"line":181},"44":{"loc":{"start":{"line":182,"column":8},"end":{"line":182,"column":null}},"type":"if","locations":[{"start":{"line":182,"column":8},"end":{"line":182,"column":null}},{"start":{},"end":{}}],"line":182},"45":{"loc":{"start":{"line":182,"column":69},"end":{"line":182,"column":105}},"type":"binary-expr","locations":[{"start":{"line":182,"column":69},"end":{"line":182,"column":100}},{"start":{"line":182,"column":104},"end":{"line":182,"column":105}}],"line":182},"46":{"loc":{"start":{"line":183,"column":8},"end":{"line":183,"column":null}},"type":"if","locations":[{"start":{"line":183,"column":8},"end":{"line":183,"column":null}},{"start":{},"end":{}}],"line":183},"47":{"loc":{"start":{"line":183,"column":59},"end":{"line":183,"column":90}},"type":"binary-expr","locations":[{"start":{"line":183,"column":59},"end":{"line":183,"column":85}},{"start":{"line":183,"column":89},"end":{"line":183,"column":90}}],"line":183},"48":{"loc":{"start":{"line":184,"column":8},"end":{"line":184,"column":null}},"type":"if","locations":[{"start":{"line":184,"column":8},"end":{"line":184,"column":null}},{"start":{},"end":{}}],"line":184},"49":{"loc":{"start":{"line":184,"column":85},"end":{"line":184,"column":129}},"type":"binary-expr","locations":[{"start":{"line":184,"column":85},"end":{"line":184,"column":124}},{"start":{"line":184,"column":128},"end":{"line":184,"column":129}}],"line":184},"50":{"loc":{"start":{"line":185,"column":8},"end":{"line":185,"column":null}},"type":"if","locations":[{"start":{"line":185,"column":8},"end":{"line":185,"column":null}},{"start":{},"end":{}}],"line":185},"51":{"loc":{"start":{"line":185,"column":73},"end":{"line":185,"column":111}},"type":"binary-expr","locations":[{"start":{"line":185,"column":73},"end":{"line":185,"column":106}},{"start":{"line":185,"column":110},"end":{"line":185,"column":111}}],"line":185},"52":{"loc":{"start":{"line":186,"column":8},"end":{"line":186,"column":null}},"type":"if","locations":[{"start":{"line":186,"column":8},"end":{"line":186,"column":null}},{"start":{},"end":{}}],"line":186},"53":{"loc":{"start":{"line":192,"column":4},"end":{"line":198,"column":null}},"type":"if","locations":[{"start":{"line":192,"column":4},"end":{"line":198,"column":null}},{"start":{},"end":{}}],"line":192},"54":{"loc":{"start":{"line":194,"column":8},"end":{"line":196,"column":null}},"type":"if","locations":[{"start":{"line":194,"column":8},"end":{"line":196,"column":null}},{"start":{},"end":{}}],"line":194},"55":{"loc":{"start":{"line":194,"column":12},"end":{"line":194,"column":71}},"type":"binary-expr","locations":[{"start":{"line":194,"column":12},"end":{"line":194,"column":42}},{"start":{"line":194,"column":46},"end":{"line":194,"column":71}}],"line":194}},"s":{"0":13,"1":3,"2":12,"3":28,"4":24,"5":4,"6":4,"7":4,"8":9,"9":9,"10":7,"11":9,"12":9,"13":9,"14":9,"15":2,"16":2,"17":2,"18":0,"19":2,"20":0,"21":2,"22":2,"23":2,"24":0,"25":2,"26":0,"27":2,"28":1,"29":2,"30":0,"31":2,"32":0,"33":2,"34":0,"35":2,"36":0,"37":2,"38":0,"39":2,"40":0,"41":2,"42":0,"43":2,"44":0,"45":2,"46":0,"47":2,"48":0,"49":2,"50":0,"51":2,"52":0,"53":2,"54":0,"55":2,"56":0,"57":2,"58":0,"59":2,"60":0,"61":2,"62":0,"63":2,"64":0,"65":2,"66":0,"67":9,"68":9,"69":0,"70":0,"71":0,"72":9},"f":{"0":1,"1":1,"2":1,"3":1,"4":1},"b":{"0":[24,4],"1":[7,2],"2":[9,9],"3":[9,0],"4":[2,7],"5":[9,2],"6":[2,0],"7":[0,2],"8":[0,2],"9":[0,0],"10":[2,0],"11":[0,2],"12":[0,2],"13":[0,0],"14":[1,1],"15":[1,1],"16":[0,2],"17":[0,0],"18":[0,2],"19":[0,0],"20":[0,2],"21":[0,0],"22":[0,2],"23":[0,0],"24":[0,2],"25":[0,0],"26":[0,2],"27":[0,0],"28":[0,2],"29":[0,0],"30":[0,2],"31":[0,0],"32":[0,2],"33":[0,0],"34":[0,2],"35":[0,0],"36":[0,2],"37":[0,0],"38":[0,2],"39":[0,0],"40":[0,2],"41":[0,0],"42":[0,2],"43":[0,0],"44":[0,2],"45":[0,0],"46":[0,2],"47":[0,0],"48":[0,2],"49":[0,0],"50":[0,2],"51":[0,0],"52":[0,2],"53":[0,9],"54":[0,0],"55":[0,0]},"meta":{"lastBranch":56,"lastFunction":5,"lastStatement":73,"seen":{"f:103:9:103:33":0,"s:104:4:104:Infinity":0,"f:112:9:112:32":1,"s:113:4:113:Infinity":1,"f:121:9:121:32":2,"s:122:4:122:Infinity":2,"f:132:9:132:32":3,"b:133:4:135:Infinity:undefined:undefined:undefined:undefined":0,"s:133:4:135:Infinity":3,"s:134:6:134:Infinity":4,"s:137:24:137:41":5,"s:138:29:138:60":6,"s:139:4:139:Infinity":7,"f:147:9:147:25":4,"s:148:24:148:41":8,"b:150:4:157:Infinity:undefined:undefined:undefined:undefined":1,"s:150:4:157:Infinity":9,"b:150:8:150:31:150:35:150:69":2,"s:151:6:156:Infinity":10,"s:152:22:152:44":11,"b:153:8:155:Infinity:undefined:undefined:undefined:undefined":3,"s:153:8:155:Infinity":12,"s:154:10:154:Infinity":13,"b:159:4:188:Infinity:undefined:undefined:undefined:undefined":4,"s:159:4:188:Infinity":14,"b:159:8:159:22:159:26:159:51":5,"s:160:6:187:Infinity":15,"s:161:19:161:37":16,"b:161:19:161:31:161:35:161:37":6,"b:162:8:162:Infinity:undefined:undefined:undefined:undefined":7,"s:162:8:162:Infinity":17,"s:162:26:162:Infinity":18,"b:163:8:163:Infinity:undefined:undefined:undefined:undefined":8,"s:163:8:163:Infinity":19,"s:163:32:163:Infinity":20,"b:163:66:163:96:163:100:163:101":9,"b:164:8:164:Infinity:undefined:undefined:undefined:undefined":10,"s:164:8:164:Infinity":21,"s:164:27:164:Infinity":22,"b:165:8:165:Infinity:undefined:undefined:undefined:undefined":11,"s:165:8:165:Infinity":23,"s:165:31:165:Infinity":24,"b:166:8:166:Infinity:undefined:undefined:undefined:undefined":12,"s:166:8:166:Infinity":25,"s:166:30:166:Infinity":26,"b:166:58:166:82:166:86:166:89":13,"b:167:8:167:Infinity:undefined:undefined:undefined:undefined":14,"s:167:8:167:Infinity":27,"s:167:30:167:Infinity":28,"b:167:58:167:82:167:86:167:87":15,"b:168:8:168:Infinity:undefined:undefined:undefined:undefined":16,"s:168:8:168:Infinity":29,"s:168:43:168:Infinity":30,"b:168:84:168:121:168:125:168:126":17,"b:169:8:169:Infinity:undefined:undefined:undefined:undefined":18,"s:169:8:169:Infinity":31,"s:169:40:169:Infinity":32,"b:169:78:169:112:169:116:169:117":19,"b:170:8:170:Infinity:undefined:undefined:undefined:undefined":20,"s:170:8:170:Infinity":33,"s:170:40:170:Infinity":34,"b:170:78:170:112:170:116:170:117":21,"b:171:8:171:Infinity:undefined:undefined:undefined:undefined":22,"s:171:8:171:Infinity":35,"s:171:34:171:Infinity":36,"b:171:69:171:100:171:104:171:105":23,"b:172:8:172:Infinity:undefined:undefined:undefined:undefined":24,"s:172:8:172:Infinity":37,"s:172:34:172:Infinity":38,"b:172:69:172:100:172:104:172:105":25,"b:173:8:173:Infinity:undefined:undefined:undefined:undefined":26,"s:173:8:173:Infinity":39,"s:173:33:173:Infinity":40,"b:173:67:173:97:173:101:173:102":27,"b:174:8:174:Infinity:undefined:undefined:undefined:undefined":28,"s:174:8:174:Infinity":41,"s:174:33:174:Infinity":42,"b:174:67:174:97:174:101:174:102":29,"b:175:8:175:Infinity:undefined:undefined:undefined:undefined":30,"s:175:8:175:Infinity":43,"s:175:43:175:Infinity":44,"b:175:83:175:119:175:123:175:124":31,"b:176:8:176:Infinity:undefined:undefined:undefined:undefined":32,"s:176:8:176:Infinity":45,"s:176:32:176:Infinity":46,"b:176:65:176:94:176:98:176:99":33,"b:177:8:177:Infinity:undefined:undefined:undefined:undefined":34,"s:177:8:177:Infinity":47,"s:177:31:177:Infinity":48,"b:177:63:177:91:177:95:177:96":35,"b:178:8:178:Infinity:undefined:undefined:undefined:undefined":36,"s:178:8:178:Infinity":49,"s:178:44:178:Infinity":50,"b:178:86:178:124:178:128:178:129":37,"b:179:8:179:Infinity:undefined:undefined:undefined:undefined":38,"s:179:8:179:Infinity":51,"s:179:33:179:Infinity":52,"b:179:64:179:91:179:95:179:96":39,"b:180:8:180:Infinity:undefined:undefined:undefined:undefined":40,"s:180:8:180:Infinity":53,"s:180:44:180:Infinity":54,"b:180:86:180:124:180:128:180:129":41,"b:181:8:181:Infinity:undefined:undefined:undefined:undefined":42,"s:181:8:181:Infinity":55,"s:181:40:181:Infinity":56,"b:181:81:181:118:181:122:181:123":43,"b:182:8:182:Infinity:undefined:undefined:undefined:undefined":44,"s:182:8:182:Infinity":57,"s:182:34:182:Infinity":58,"b:182:69:182:100:182:104:182:105":45,"b:183:8:183:Infinity:undefined:undefined:undefined:undefined":46,"s:183:8:183:Infinity":59,"s:183:29:183:Infinity":60,"b:183:59:183:85:183:89:183:90":47,"b:184:8:184:Infinity:undefined:undefined:undefined:undefined":48,"s:184:8:184:Infinity":61,"s:184:42:184:Infinity":62,"b:184:85:184:124:184:128:184:129":49,"b:185:8:185:Infinity:undefined:undefined:undefined:undefined":50,"s:185:8:185:Infinity":63,"s:185:36:185:Infinity":64,"b:185:73:185:106:185:110:185:111":51,"b:186:8:186:Infinity:undefined:undefined:undefined:undefined":52,"s:186:8:186:Infinity":65,"s:186:30:186:Infinity":66,"s:190:25:190:74":67,"b:192:4:198:Infinity:undefined:undefined:undefined:undefined":53,"s:192:4:198:Infinity":68,"s:193:6:197:Infinity":69,"b:194:8:196:Infinity:undefined:undefined:undefined:undefined":54,"s:194:8:196:Infinity":70,"b:194:12:194:42:194:46:194:71":55,"s:195:10:195:Infinity":71,"s:200:4:207:Infinity":72}}}
,"/home/ubuntu/repos/auto-project/src/core/ability-effects/base-effect.js": {"path":"/home/ubuntu/repos/auto-project/src/core/ability-effects/base-effect.js","statementMap":{"0":{"start":{"line":7,"column":4},"end":{"line":7,"column":null}},"1":{"start":{"line":15,"column":4},"end":{"line":15,"column":null}},"2":{"start":{"line":22,"column":4},"end":{"line":22,"column":null}},"3":{"start":{"line":29,"column":4},"end":{"line":29,"column":null}},"4":{"start":{"line":36,"column":4},"end":{"line":36,"column":null}}},"fnMap":{"0":{"name":"(anonymous_0)","decl":{"start":{"line":6,"column":2},"end":{"line":6,"column":13}},"loc":{"start":{"line":6,"column":21},"end":{"line":8,"column":null}},"line":6},"1":{"name":"(anonymous_1)","decl":{"start":{"line":14,"column":2},"end":{"line":14,"column":7}},"loc":{"start":{"line":14,"column":15},"end":{"line":16,"column":null}},"line":14},"2":{"name":"(anonymous_2)","decl":{"start":{"line":21,"column":2},"end":{"line":21,"column":15}},"loc":{"start":{"line":21,"column":33},"end":{"line":23,"column":null}},"line":21},"3":{"name":"(anonymous_3)","decl":{"start":{"line":28,"column":2},"end":{"line":28,"column":9}},"loc":{"start":{"line":28,"column":27},"end":{"line":30,"column":null}},"line":28},"4":{"name":"(anonymous_4)","decl":{"start":{"line":35,"column":2},"end":{"line":35,"column":12}},"loc":{"start":{"line":35,"column":42},"end":{"line":37,"column":null}},"line":35}},"branchMap":{"0":{"loc":{"start":{"line":22,"column":23},"end":{"line":22,"column":43}},"type":"binary-expr","locations":[{"start":{"line":22,"column":23},"end":{"line":22,"column":38}},{"start":{"line":22,"column":42},"end":{"line":22,"column":43}}],"line":22},"1":{"loc":{"start":{"line":29,"column":23},"end":{"line":29,"column":43}},"type":"binary-expr","locations":[{"start":{"line":29,"column":23},"end":{"line":29,"column":38}},{"start":{"line":29,"column":42},"end":{"line":29,"column":43}}],"line":29}},"s":{"0":9,"1":0,"2":0,"3":0,"4":0},"f":{"0":9,"1":0,"2":0,"3":0,"4":0},"b":{"0":[0,0],"1":[0,0]},"meta":{"lastBranch":2,"lastFunction":5,"lastStatement":5,"seen":{"f:6:2:6:13":0,"s:7:4:7:Infinity":0,"f:14:2:14:7":1,"s:15:4:15:Infinity":1,"f:21:2:21:15":2,"s:22:4:22:Infinity":2,"b:22:23:22:38:22:42:22:43":0,"f:28:2:28:9":3,"s:29:4:29:Infinity":3,"b:29:23:29:38:29:42:29:43":1,"f:35:2:35:12":4,"s:36:4:36:Infinity":4}}}
,"/home/ubuntu/repos/auto-project/src/core/ability-effects/effect-registry.js": {"path":"/home/ubuntu/repos/auto-project/src/core/ability-effects/effect-registry.js","statementMap":{"0":{"start":{"line":200,"column":30},"end":{"line":391,"column":1}},"1":{"start":{"line":399,"column":22},"end":{"line":399,"column":52}},"2":{"start":{"line":401,"column":2},"end":{"line":404,"column":null}},"3":{"start":{"line":402,"column":4},"end":{"line":402,"column":null}},"4":{"start":{"line":403,"column":4},"end":{"line":403,"column":null}},"5":{"start":{"line":406,"column":2},"end":{"line":406,"column":null}}},"fnMap":{"0":{"name":"createEffect","decl":{"start":{"line":398,"column":16},"end":{"line":398,"column":28}},"loc":{"start":{"line":398,"column":38},"end":{"line":407,"column":null}},"line":398}},"branchMap":{"0":{"loc":{"start":{"line":401,"column":2},"end":{"line":404,"column":null}},"type":"if","locations":[{"start":{"line":401,"column":2},"end":{"line":404,"column":null}},{"start":{},"end":{}}],"line":401}},"s":{"0":1,"1":9,"2":9,"3":0,"4":0,"5":9},"f":{"0":9},"b":{"0":[0,9]},"meta":{"lastBranch":1,"lastFunction":1,"lastStatement":6,"seen":{"s:200:30:391:1":0,"f:398:16:398:28":0,"s:399:22:399:52":1,"b:401:2:404:Infinity:undefined:undefined:undefined:undefined":0,"s:401:2:404:Infinity":2,"s:402:4:402:Infinity":3,"s:403:4:403:Infinity":4,"s:406:2:406:Infinity":5}}}
,"/home/ubuntu/repos/auto-project/src/core/ability-effects/effects/ability-cooldown.js": {"path":"/home/ubuntu/repos/auto-project/src/core/ability-effects/effects/ability-cooldown.js","statementMap":{"0":{"start":{"line":5,"column":4},"end":{"line":5,"column":null}}},"fnMap":{"0":{"name":"(anonymous_0)","decl":{"start":{"line":4,"column":2},"end":{"line":4,"column":7}},"loc":{"start":{"line":4,"column":15},"end":{"line":6,"column":null}},"line":4}},"branchMap":{"0":{"loc":{"start":{"line":5,"column":38},"end":{"line":5,"column":73}},"type":"binary-expr","locations":[{"start":{"line":5,"column":38},"end":{"line":5,"column":68}},{"start":{"line":5,"column":72},"end":{"line":5,"column":73}}],"line":5}},"s":{"0":0},"f":{"0":0},"b":{"0":[0,0]},"meta":{"lastBranch":1,"lastFunction":1,"lastStatement":1,"seen":{"f:4:2:4:7":0,"s:5:4:5:Infinity":0,"b:5:38:5:68:5:72:5:73":0}}}
,"/home/ubuntu/repos/auto-project/src/core/ability-effects/effects/armor-boost.js": {"path":"/home/ubuntu/repos/auto-project/src/core/ability-effects/effects/armor-boost.js","statementMap":{"0":{"start":{"line":5,"column":4},"end":{"line":5,"column":null}}},"fnMap":{"0":{"name":"(anonymous_0)","decl":{"start":{"line":4,"column":2},"end":{"line":4,"column":7}},"loc":{"start":{"line":4,"column":15},"end":{"line":6,"column":null}},"line":4}},"branchMap":{},"s":{"0":0},"f":{"0":0},"b":{},"meta":{"lastBranch":0,"lastFunction":1,"lastStatement":1,"seen":{"f:4:2:4:7":0,"s:5:4:5:Infinity":0}}}
,"/home/ubuntu/repos/auto-project/src/core/ability-effects/effects/armor-pierce-chance.js": {"path":"/home/ubuntu/repos/auto-project/src/core/ability-effects/effects/armor-pierce-chance.js","statementMap":{"0":{"start":{"line":5,"column":4},"end":{"line":5,"column":null}}},"fnMap":{"0":{"name":"(anonymous_0)","decl":{"start":{"line":4,"column":2},"end":{"line":4,"column":7}},"loc":{"start":{"line":4,"column":15},"end":{"line":6,"column":null}},"line":4}},"branchMap":{"0":{"loc":{"start":{"line":5,"column":31},"end":{"line":5,"column":59}},"type":"binary-expr","locations":[{"start":{"line":5,"column":31},"end":{"line":5,"column":54}},{"start":{"line":5,"column":58},"end":{"line":5,"column":59}}],"line":5}},"s":{"0":0},"f":{"0":0},"b":{"0":[0,0]},"meta":{"lastBranch":1,"lastFunction":1,"lastStatement":1,"seen":{"f:4:2:4:7":0,"s:5:4:5:Infinity":0,"b:5:31:5:54:5:58:5:59":0}}}
,"/home/ubuntu/repos/auto-project/src/core/ability-effects/effects/attack-bleed.js": {"path":"/home/ubuntu/repos/auto-project/src/core/ability-effects/effects/attack-bleed.js","statementMap":{"0":{"start":{"line":5,"column":4},"end":{"line":5,"column":null}}},"fnMap":{"0":{"name":"(anonymous_0)","decl":{"start":{"line":4,"column":2},"end":{"line":4,"column":7}},"loc":{"start":{"line":4,"column":15},"end":{"line":6,"column":null}},"line":4}},"branchMap":{"0":{"loc":{"start":{"line":5,"column":31},"end":{"line":5,"column":59}},"type":"binary-expr","locations":[{"start":{"line":5,"column":31},"end":{"line":5,"column":54}},{"start":{"line":5,"column":58},"end":{"line":5,"column":59}}],"line":5}},"s":{"0":0},"f":{"0":0},"b":{"0":[0,0]},"meta":{"lastBranch":1,"lastFunction":1,"lastStatement":1,"seen":{"f:4:2:4:7":0,"s:5:4:5:Infinity":0,"b:5:31:5:54:5:58:5:59":0}}}
,"/home/ubuntu/repos/auto-project/src/core/ability-effects/effects/attack-boost.js": {"path":"/home/ubuntu/repos/auto-project/src/core/ability-effects/effects/attack-boost.js","statementMap":{"0":{"start":{"line":5,"column":4},"end":{"line":5,"column":null}}},"fnMap":{"0":{"name":"(anonymous_0)","decl":{"start":{"line":4,"column":2},"end":{"line":4,"column":7}},"loc":{"start":{"line":4,"column":15},"end":{"line":6,"column":null}},"line":4}},"branchMap":{},"s":{"0":3},"f":{"0":3},"b":{},"meta":{"lastBranch":0,"lastFunction":1,"lastStatement":1,"seen":{"f:4:2:4:7":0,"s:5:4:5:Infinity":0}}}
,"/home/ubuntu/repos/auto-project/src/core/ability-effects/effects/attack-damage-increase.js": {"path":"/home/ubuntu/repos/auto-project/src/core/ability-effects/effects/attack-damage-increase.js","statementMap":{"0":{"start":{"line":5,"column":4},"end":{"line":5,"column":null}}},"fnMap":{"0":{"name":"(anonymous_0)","decl":{"start":{"line":4,"column":2},"end":{"line":4,"column":7}},"loc":{"start":{"line":4,"column":15},"end":{"line":6,"column":null}},"line":4}},"branchMap":{"0":{"loc":{"start":{"line":5,"column":34},"end":{"line":5,"column":65}},"type":"binary-expr","locations":[{"start":{"line":5,"column":34},"end":{"line":5,"column":60}},{"start":{"line":5,"column":64},"end":{"line":5,"column":65}}],"line":5}},"s":{"0":0},"f":{"0":0},"b":{"0":[0,0]},"meta":{"lastBranch":1,"lastFunction":1,"lastStatement":1,"seen":{"f:4:2:4:7":0,"s:5:4:5:Infinity":0,"b:5:34:5:60:5:64:5:65":0}}}
,"/home/ubuntu/repos/auto-project/src/core/ability-effects/effects/attack-frost-chance.js": {"path":"/home/ubuntu/repos/auto-project/src/core/ability-effects/effects/attack-frost-chance.js","statementMap":{"0":{"start":{"line":5,"column":4},"end":{"line":5,"column":null}}},"fnMap":{"0":{"name":"(anonymous_0)","decl":{"start":{"line":4,"column":2},"end":{"line":4,"column":7}},"loc":{"start":{"line":4,"column":15},"end":{"line":6,"column":null}},"line":4}},"branchMap":{"0":{"loc":{"start":{"line":5,"column":31},"end":{"line":5,"column":59}},"type":"binary-expr","locations":[{"start":{"line":5,"column":31},"end":{"line":5,"column":54}},{"start":{"line":5,"column":58},"end":{"line":5,"column":59}}],"line":5}},"s":{"0":0},"f":{"0":0},"b":{"0":[0,0]},"meta":{"lastBranch":1,"lastFunction":1,"lastStatement":1,"seen":{"f:4:2:4:7":0,"s:5:4:5:Infinity":0,"b:5:31:5:54:5:58:5:59":0}}}
,"/home/ubuntu/repos/auto-project/src/core/ability-effects/effects/attack-frost.js": {"path":"/home/ubuntu/repos/auto-project/src/core/ability-effects/effects/attack-frost.js","statementMap":{"0":{"start":{"line":5,"column":4},"end":{"line":5,"column":null}}},"fnMap":{"0":{"name":"(anonymous_0)","decl":{"start":{"line":4,"column":2},"end":{"line":4,"column":7}},"loc":{"start":{"line":4,"column":15},"end":{"line":6,"column":null}},"line":4}},"branchMap":{"0":{"loc":{"start":{"line":5,"column":31},"end":{"line":5,"column":59}},"type":"binary-expr","locations":[{"start":{"line":5,"column":31},"end":{"line":5,"column":54}},{"start":{"line":5,"column":58},"end":{"line":5,"column":59}}],"line":5}},"s":{"0":0},"f":{"0":0},"b":{"0":[0,0]},"meta":{"lastBranch":1,"lastFunction":1,"lastStatement":1,"seen":{"f:4:2:4:7":0,"s:5:4:5:Infinity":0,"b:5:31:5:54:5:58:5:59":0}}}
,"/home/ubuntu/repos/auto-project/src/core/ability-effects/effects/attack-heal-chance.js": {"path":"/home/ubuntu/repos/auto-project/src/core/ability-effects/effects/attack-heal-chance.js","statementMap":{"0":{"start":{"line":5,"column":4},"end":{"line":5,"column":null}}},"fnMap":{"0":{"name":"(anonymous_0)","decl":{"start":{"line":4,"column":2},"end":{"line":4,"column":7}},"loc":{"start":{"line":4,"column":15},"end":{"line":6,"column":null}},"line":4}},"branchMap":{"0":{"loc":{"start":{"line":5,"column":30},"end":{"line":5,"column":57}},"type":"binary-expr","locations":[{"start":{"line":5,"column":30},"end":{"line":5,"column":52}},{"start":{"line":5,"column":56},"end":{"line":5,"column":57}}],"line":5}},"s":{"0":0},"f":{"0":0},"b":{"0":[0,0]},"meta":{"lastBranch":1,"lastFunction":1,"lastStatement":1,"seen":{"f:4:2:4:7":0,"s:5:4:5:Infinity":0,"b:5:30:5:52:5:56:5:57":0}}}
,"/home/ubuntu/repos/auto-project/src/core/ability-effects/effects/attack-heal.js": {"path":"/home/ubuntu/repos/auto-project/src/core/ability-effects/effects/attack-heal.js","statementMap":{"0":{"start":{"line":5,"column":4},"end":{"line":5,"column":null}}},"fnMap":{"0":{"name":"(anonymous_0)","decl":{"start":{"line":4,"column":2},"end":{"line":4,"column":7}},"loc":{"start":{"line":4,"column":15},"end":{"line":6,"column":null}},"line":4}},"branchMap":{"0":{"loc":{"start":{"line":5,"column":30},"end":{"line":5,"column":57}},"type":"binary-expr","locations":[{"start":{"line":5,"column":30},"end":{"line":5,"column":52}},{"start":{"line":5,"column":56},"end":{"line":5,"column":57}}],"line":5}},"s":{"0":0},"f":{"0":0},"b":{"0":[0,0]},"meta":{"lastBranch":1,"lastFunction":1,"lastStatement":1,"seen":{"f:4:2:4:7":0,"s:5:4:5:Infinity":0,"b:5:30:5:52:5:56:5:57":0}}}
,"/home/ubuntu/repos/auto-project/src/core/ability-effects/effects/attack-mana-restore.js": {"path":"/home/ubuntu/repos/auto-project/src/core/ability-effects/effects/attack-mana-restore.js","statementMap":{"0":{"start":{"line":5,"column":4},"end":{"line":5,"column":null}}},"fnMap":{"0":{"name":"(anonymous_0)","decl":{"start":{"line":4,"column":2},"end":{"line":4,"column":7}},"loc":{"start":{"line":4,"column":15},"end":{"line":6,"column":null}},"line":4}},"branchMap":{"0":{"loc":{"start":{"line":5,"column":31},"end":{"line":5,"column":59}},"type":"binary-expr","locations":[{"start":{"line":5,"column":31},"end":{"line":5,"column":54}},{"start":{"line":5,"column":58},"end":{"line":5,"column":59}}],"line":5}},"s":{"0":0},"f":{"0":0},"b":{"0":[0,0]},"meta":{"lastBranch":1,"lastFunction":1,"lastStatement":1,"seen":{"f:4:2:4:7":0,"s:5:4:5:Infinity":0,"b:5:31:5:54:5:58:5:59":0}}}
,"/home/ubuntu/repos/auto-project/src/core/ability-effects/effects/attack-mana.js": {"path":"/home/ubuntu/repos/auto-project/src/core/ability-effects/effects/attack-mana.js","statementMap":{"0":{"start":{"line":5,"column":4},"end":{"line":5,"column":null}}},"fnMap":{"0":{"name":"(anonymous_0)","decl":{"start":{"line":4,"column":2},"end":{"line":4,"column":7}},"loc":{"start":{"line":4,"column":15},"end":{"line":6,"column":null}},"line":4}},"branchMap":{"0":{"loc":{"start":{"line":5,"column":30},"end":{"line":5,"column":57}},"type":"binary-expr","locations":[{"start":{"line":5,"column":30},"end":{"line":5,"column":52}},{"start":{"line":5,"column":56},"end":{"line":5,"column":57}}],"line":5}},"s":{"0":0},"f":{"0":0},"b":{"0":[0,0]},"meta":{"lastBranch":1,"lastFunction":1,"lastStatement":1,"seen":{"f:4:2:4:7":0,"s:5:4:5:Infinity":0,"b:5:30:5:52:5:56:5:57":0}}}
,"/home/ubuntu/repos/auto-project/src/core/ability-effects/effects/attack-poison-chance.js": {"path":"/home/ubuntu/repos/auto-project/src/core/ability-effects/effects/attack-poison-chance.js","statementMap":{"0":{"start":{"line":5,"column":4},"end":{"line":5,"column":null}}},"fnMap":{"0":{"name":"(anonymous_0)","decl":{"start":{"line":4,"column":2},"end":{"line":4,"column":7}},"loc":{"start":{"line":4,"column":15},"end":{"line":6,"column":null}},"line":4}},"branchMap":{"0":{"loc":{"start":{"line":5,"column":32},"end":{"line":5,"column":61}},"type":"binary-expr","locations":[{"start":{"line":5,"column":32},"end":{"line":5,"column":56}},{"start":{"line":5,"column":60},"end":{"line":5,"column":61}}],"line":5}},"s":{"0":0},"f":{"0":0},"b":{"0":[0,0]},"meta":{"lastBranch":1,"lastFunction":1,"lastStatement":1,"seen":{"f:4:2:4:7":0,"s:5:4:5:Infinity":0,"b:5:32:5:56:5:60:5:61":0}}}
,"/home/ubuntu/repos/auto-project/src/core/ability-effects/effects/attack-poison.js": {"path":"/home/ubuntu/repos/auto-project/src/core/ability-effects/effects/attack-poison.js","statementMap":{"0":{"start":{"line":5,"column":4},"end":{"line":5,"column":null}}},"fnMap":{"0":{"name":"(anonymous_0)","decl":{"start":{"line":4,"column":2},"end":{"line":4,"column":7}},"loc":{"start":{"line":4,"column":15},"end":{"line":6,"column":null}},"line":4}},"branchMap":{"0":{"loc":{"start":{"line":5,"column":32},"end":{"line":5,"column":61}},"type":"binary-expr","locations":[{"start":{"line":5,"column":32},"end":{"line":5,"column":56}},{"start":{"line":5,"column":60},"end":{"line":5,"column":61}}],"line":5}},"s":{"0":0},"f":{"0":0},"b":{"0":[0,0]},"meta":{"lastBranch":1,"lastFunction":1,"lastStatement":1,"seen":{"f:4:2:4:7":0,"s:5:4:5:Infinity":0,"b:5:32:5:56:5:60:5:61":0}}}
,"/home/ubuntu/repos/auto-project/src/core/ability-effects/effects/attack-shield-chance.js": {"path":"/home/ubuntu/repos/auto-project/src/core/ability-effects/effects/attack-shield-chance.js","statementMap":{"0":{"start":{"line":5,"column":4},"end":{"line":5,"column":null}}},"fnMap":{"0":{"name":"(anonymous_0)","decl":{"start":{"line":4,"column":2},"end":{"line":4,"column":7}},"loc":{"start":{"line":4,"column":15},"end":{"line":6,"column":null}},"line":4}},"branchMap":{"0":{"loc":{"start":{"line":5,"column":32},"end":{"line":5,"column":61}},"type":"binary-expr","locations":[{"start":{"line":5,"column":32},"end":{"line":5,"column":56}},{"start":{"line":5,"column":60},"end":{"line":5,"column":61}}],"line":5}},"s":{"0":0},"f":{"0":0},"b":{"0":[0,0]},"meta":{"lastBranch":1,"lastFunction":1,"lastStatement":1,"seen":{"f:4:2:4:7":0,"s:5:4:5:Infinity":0,"b:5:32:5:56:5:60:5:61":0}}}
,"/home/ubuntu/repos/auto-project/src/core/ability-effects/effects/attack-shield.js": {"path":"/home/ubuntu/repos/auto-project/src/core/ability-effects/effects/attack-shield.js","statementMap":{"0":{"start":{"line":5,"column":4},"end":{"line":5,"column":null}}},"fnMap":{"0":{"name":"(anonymous_0)","decl":{"start":{"line":4,"column":2},"end":{"line":4,"column":7}},"loc":{"start":{"line":4,"column":15},"end":{"line":6,"column":null}},"line":4}},"branchMap":{"0":{"loc":{"start":{"line":5,"column":32},"end":{"line":5,"column":61}},"type":"binary-expr","locations":[{"start":{"line":5,"column":32},"end":{"line":5,"column":56}},{"start":{"line":5,"column":60},"end":{"line":5,"column":61}}],"line":5}},"s":{"0":0},"f":{"0":0},"b":{"0":[0,0]},"meta":{"lastBranch":1,"lastFunction":1,"lastStatement":1,"seen":{"f:4:2:4:7":0,"s:5:4:5:Infinity":0,"b:5:32:5:56:5:60:5:61":0}}}
,"/home/ubuntu/repos/auto-project/src/core/ability-effects/effects/attack-speed-boost.js": {"path":"/home/ubuntu/repos/auto-project/src/core/ability-effects/effects/attack-speed-boost.js","statementMap":{"0":{"start":{"line":5,"column":4},"end":{"line":5,"column":null}}},"fnMap":{"0":{"name":"(anonymous_0)","decl":{"start":{"line":4,"column":2},"end":{"line":4,"column":7}},"loc":{"start":{"line":4,"column":15},"end":{"line":6,"column":null}},"line":4}},"branchMap":{"0":{"loc":{"start":{"line":5,"column":30},"end":{"line":5,"column":57}},"type":"binary-expr","locations":[{"start":{"line":5,"column":30},"end":{"line":5,"column":52}},{"start":{"line":5,"column":56},"end":{"line":5,"column":57}}],"line":5}},"s":{"0":0},"f":{"0":0},"b":{"0":[0,0]},"meta":{"lastBranch":1,"lastFunction":1,"lastStatement":1,"seen":{"f:4:2:4:7":0,"s:5:4:5:Infinity":0,"b:5:30:5:52:5:56:5:57":0}}}
,"/home/ubuntu/repos/auto-project/src/core/ability-effects/effects/attack-speed-increase.js": {"path":"/home/ubuntu/repos/auto-project/src/core/ability-effects/effects/attack-speed-increase.js","statementMap":{"0":{"start":{"line":5,"column":4},"end":{"line":5,"column":null}}},"fnMap":{"0":{"name":"(anonymous_0)","decl":{"start":{"line":4,"column":2},"end":{"line":4,"column":7}},"loc":{"start":{"line":4,"column":15},"end":{"line":6,"column":null}},"line":4}},"branchMap":{"0":{"loc":{"start":{"line":5,"column":33},"end":{"line":5,"column":63}},"type":"binary-expr","locations":[{"start":{"line":5,"column":33},"end":{"line":5,"column":58}},{"start":{"line":5,"column":62},"end":{"line":5,"column":63}}],"line":5}},"s":{"0":0},"f":{"0":0},"b":{"0":[0,0]},"meta":{"lastBranch":1,"lastFunction":1,"lastStatement":1,"seen":{"f:4:2:4:7":0,"s:5:4:5:Infinity":0,"b:5:33:5:58:5:62:5:63":0}}}
,"/home/ubuntu/repos/auto-project/src/core/ability-effects/effects/attack-speed.js": {"path":"/home/ubuntu/repos/auto-project/src/core/ability-effects/effects/attack-speed.js","statementMap":{"0":{"start":{"line":5,"column":4},"end":{"line":5,"column":null}}},"fnMap":{"0":{"name":"(anonymous_0)","decl":{"start":{"line":4,"column":2},"end":{"line":4,"column":7}},"loc":{"start":{"line":4,"column":15},"end":{"line":6,"column":null}},"line":4}},"branchMap":{"0":{"loc":{"start":{"line":5,"column":25},"end":{"line":5,"column":47}},"type":"binary-expr","locations":[{"start":{"line":5,"column":25},"end":{"line":5,"column":42}},{"start":{"line":5,"column":46},"end":{"line":5,"column":47}}],"line":5}},"s":{"0":0},"f":{"0":0},"b":{"0":[0,0]},"meta":{"lastBranch":1,"lastFunction":1,"lastStatement":1,"seen":{"f:4:2:4:7":0,"s:5:4:5:Infinity":0,"b:5:25:5:42:5:46:5:47":0}}}
,"/home/ubuntu/repos/auto-project/src/core/ability-effects/effects/aura-heal-nearby.js": {"path":"/home/ubuntu/repos/auto-project/src/core/ability-effects/effects/aura-heal-nearby.js","statementMap":{"0":{"start":{"line":5,"column":4},"end":{"line":5,"column":null}}},"fnMap":{"0":{"name":"(anonymous_0)","decl":{"start":{"line":4,"column":2},"end":{"line":4,"column":7}},"loc":{"start":{"line":4,"column":15},"end":{"line":6,"column":null}},"line":4}},"branchMap":{"0":{"loc":{"start":{"line":5,"column":28},"end":{"line":5,"column":53}},"type":"binary-expr","locations":[{"start":{"line":5,"column":28},"end":{"line":5,"column":48}},{"start":{"line":5,"column":52},"end":{"line":5,"column":53}}],"line":5}},"s":{"0":0},"f":{"0":0},"b":{"0":[0,0]},"meta":{"lastBranch":1,"lastFunction":1,"lastStatement":1,"seen":{"f:4:2:4:7":0,"s:5:4:5:Infinity":0,"b:5:28:5:48:5:52:5:53":0}}}
,"/home/ubuntu/repos/auto-project/src/core/ability-effects/effects/base-crit-boost.js": {"path":"/home/ubuntu/repos/auto-project/src/core/ability-effects/effects/base-crit-boost.js","statementMap":{"0":{"start":{"line":5,"column":4},"end":{"line":5,"column":null}}},"fnMap":{"0":{"name":"(anonymous_0)","decl":{"start":{"line":4,"column":2},"end":{"line":4,"column":7}},"loc":{"start":{"line":4,"column":15},"end":{"line":6,"column":null}},"line":4}},"branchMap":{"0":{"loc":{"start":{"line":5,"column":24},"end":{"line":5,"column":45}},"type":"binary-expr","locations":[{"start":{"line":5,"column":24},"end":{"line":5,"column":40}},{"start":{"line":5,"column":44},"end":{"line":5,"column":45}}],"line":5}},"s":{"0":0},"f":{"0":0},"b":{"0":[0,0]},"meta":{"lastBranch":1,"lastFunction":1,"lastStatement":1,"seen":{"f:4:2:4:7":0,"s:5:4:5:Infinity":0,"b:5:24:5:40:5:44:5:45":0}}}
,"/home/ubuntu/repos/auto-project/src/core/ability-effects/effects/base-damage-boost.js": {"path":"/home/ubuntu/repos/auto-project/src/core/ability-effects/effects/base-damage-boost.js","statementMap":{"0":{"start":{"line":5,"column":4},"end":{"line":5,"column":null}}},"fnMap":{"0":{"name":"(anonymous_0)","decl":{"start":{"line":4,"column":2},"end":{"line":4,"column":7}},"loc":{"start":{"line":4,"column":15},"end":{"line":6,"column":null}},"line":4}},"branchMap":{},"s":{"0":0},"f":{"0":0},"b":{},"meta":{"lastBranch":0,"lastFunction":1,"lastStatement":1,"seen":{"f:4:2:4:7":0,"s:5:4:5:Infinity":0}}}
,"/home/ubuntu/repos/auto-project/src/core/ability-effects/effects/base-evasion-boost.js": {"path":"/home/ubuntu/repos/auto-project/src/core/ability-effects/effects/base-evasion-boost.js","statementMap":{"0":{"start":{"line":5,"column":4},"end":{"line":5,"column":null}}},"fnMap":{"0":{"name":"(anonymous_0)","decl":{"start":{"line":4,"column":2},"end":{"line":4,"column":7}},"loc":{"start":{"line":4,"column":15},"end":{"line":6,"column":null}},"line":4}},"branchMap":{"0":{"loc":{"start":{"line":5,"column":27},"end":{"line":5,"column":51}},"type":"binary-expr","locations":[{"start":{"line":5,"column":27},"end":{"line":5,"column":46}},{"start":{"line":5,"column":50},"end":{"line":5,"column":51}}],"line":5}},"s":{"0":0},"f":{"0":0},"b":{"0":[0,0]},"meta":{"lastBranch":1,"lastFunction":1,"lastStatement":1,"seen":{"f:4:2:4:7":0,"s:5:4:5:Infinity":0,"b:5:27:5:46:5:50:5:51":0}}}
,"/home/ubuntu/repos/auto-project/src/core/ability-effects/effects/battle-fury.js": {"path":"/home/ubuntu/repos/auto-project/src/core/ability-effects/effects/battle-fury.js","statementMap":{"0":{"start":{"line":5,"column":4},"end":{"line":5,"column":null}}},"fnMap":{"0":{"name":"(anonymous_0)","decl":{"start":{"line":4,"column":2},"end":{"line":4,"column":7}},"loc":{"start":{"line":4,"column":15},"end":{"line":6,"column":null}},"line":4}},"branchMap":{"0":{"loc":{"start":{"line":5,"column":24},"end":{"line":5,"column":45}},"type":"binary-expr","locations":[{"start":{"line":5,"column":24},"end":{"line":5,"column":40}},{"start":{"line":5,"column":44},"end":{"line":5,"column":45}}],"line":5}},"s":{"0":0},"f":{"0":0},"b":{"0":[0,0]},"meta":{"lastBranch":1,"lastFunction":1,"lastStatement":1,"seen":{"f:4:2:4:7":0,"s:5:4:5:Infinity":0,"b:5:24:5:40:5:44:5:45":0}}}
,"/home/ubuntu/repos/auto-project/src/core/ability-effects/effects/battle-start-evasion.js": {"path":"/home/ubuntu/repos/auto-project/src/core/ability-effects/effects/battle-start-evasion.js","statementMap":{"0":{"start":{"line":5,"column":4},"end":{"line":5,"column":null}}},"fnMap":{"0":{"name":"(anonymous_0)","decl":{"start":{"line":4,"column":2},"end":{"line":4,"column":7}},"loc":{"start":{"line":4,"column":15},"end":{"line":6,"column":null}},"line":4}},"branchMap":{"0":{"loc":{"start":{"line":5,"column":32},"end":{"line":5,"column":61}},"type":"binary-expr","locations":[{"start":{"line":5,"column":32},"end":{"line":5,"column":56}},{"start":{"line":5,"column":60},"end":{"line":5,"column":61}}],"line":5}},"s":{"0":0},"f":{"0":0},"b":{"0":[0,0]},"meta":{"lastBranch":1,"lastFunction":1,"lastStatement":1,"seen":{"f:4:2:4:7":0,"s:5:4:5:Infinity":0,"b:5:32:5:56:5:60:5:61":0}}}
,"/home/ubuntu/repos/auto-project/src/core/ability-effects/effects/battle-start-frost.js": {"path":"/home/ubuntu/repos/auto-project/src/core/ability-effects/effects/battle-start-frost.js","statementMap":{"0":{"start":{"line":5,"column":4},"end":{"line":5,"column":null}}},"fnMap":{"0":{"name":"(anonymous_0)","decl":{"start":{"line":4,"column":2},"end":{"line":4,"column":7}},"loc":{"start":{"line":4,"column":15},"end":{"line":6,"column":null}},"line":4}},"branchMap":{"0":{"loc":{"start":{"line":5,"column":30},"end":{"line":5,"column":57}},"type":"binary-expr","locations":[{"start":{"line":5,"column":30},"end":{"line":5,"column":52}},{"start":{"line":5,"column":56},"end":{"line":5,"column":57}}],"line":5}},"s":{"0":0},"f":{"0":0},"b":{"0":[0,0]},"meta":{"lastBranch":1,"lastFunction":1,"lastStatement":1,"seen":{"f:4:2:4:7":0,"s:5:4:5:Infinity":0,"b:5:30:5:52:5:56:5:57":0}}}
,"/home/ubuntu/repos/auto-project/src/core/ability-effects/effects/battle-start-poison.js": {"path":"/home/ubuntu/repos/auto-project/src/core/ability-effects/effects/battle-start-poison.js","statementMap":{"0":{"start":{"line":5,"column":4},"end":{"line":5,"column":null}}},"fnMap":{"0":{"name":"(anonymous_0)","decl":{"start":{"line":4,"column":2},"end":{"line":4,"column":7}},"loc":{"start":{"line":4,"column":15},"end":{"line":6,"column":null}},"line":4}},"branchMap":{"0":{"loc":{"start":{"line":5,"column":31},"end":{"line":5,"column":59}},"type":"binary-expr","locations":[{"start":{"line":5,"column":31},"end":{"line":5,"column":54}},{"start":{"line":5,"column":58},"end":{"line":5,"column":59}}],"line":5}},"s":{"0":0},"f":{"0":0},"b":{"0":[0,0]},"meta":{"lastBranch":1,"lastFunction":1,"lastStatement":1,"seen":{"f:4:2:4:7":0,"s:5:4:5:Infinity":0,"b:5:31:5:54:5:58:5:59":0}}}
,"/home/ubuntu/repos/auto-project/src/core/ability-effects/effects/battle-start-shield.js": {"path":"/home/ubuntu/repos/auto-project/src/core/ability-effects/effects/battle-start-shield.js","statementMap":{"0":{"start":{"line":5,"column":4},"end":{"line":5,"column":null}}},"fnMap":{"0":{"name":"(anonymous_0)","decl":{"start":{"line":4,"column":2},"end":{"line":4,"column":7}},"loc":{"start":{"line":4,"column":15},"end":{"line":6,"column":null}},"line":4}},"branchMap":{"0":{"loc":{"start":{"line":5,"column":31},"end":{"line":5,"column":59}},"type":"binary-expr","locations":[{"start":{"line":5,"column":31},"end":{"line":5,"column":54}},{"start":{"line":5,"column":58},"end":{"line":5,"column":59}}],"line":5}},"s":{"0":0},"f":{"0":0},"b":{"0":[0,0]},"meta":{"lastBranch":1,"lastFunction":1,"lastStatement":1,"seen":{"f:4:2:4:7":0,"s:5:4:5:Infinity":0,"b:5:31:5:54:5:58:5:59":0}}}
,"/home/ubuntu/repos/auto-project/src/core/ability-effects/effects/battle-trance.js": {"path":"/home/ubuntu/repos/auto-project/src/core/ability-effects/effects/battle-trance.js","statementMap":{"0":{"start":{"line":5,"column":4},"end":{"line":5,"column":null}}},"fnMap":{"0":{"name":"(anonymous_0)","decl":{"start":{"line":4,"column":2},"end":{"line":4,"column":7}},"loc":{"start":{"line":4,"column":15},"end":{"line":6,"column":null}},"line":4}},"branchMap":{"0":{"loc":{"start":{"line":5,"column":26},"end":{"line":5,"column":49}},"type":"binary-expr","locations":[{"start":{"line":5,"column":26},"end":{"line":5,"column":44}},{"start":{"line":5,"column":48},"end":{"line":5,"column":49}}],"line":5}},"s":{"0":0},"f":{"0":0},"b":{"0":[0,0]},"meta":{"lastBranch":1,"lastFunction":1,"lastStatement":1,"seen":{"f:4:2:4:7":0,"s:5:4:5:Infinity":0,"b:5:26:5:44:5:48:5:49":0}}}
,"/home/ubuntu/repos/auto-project/src/core/ability-effects/effects/berserker-focus.js": {"path":"/home/ubuntu/repos/auto-project/src/core/ability-effects/effects/berserker-focus.js","statementMap":{"0":{"start":{"line":5,"column":4},"end":{"line":5,"column":null}}},"fnMap":{"0":{"name":"(anonymous_0)","decl":{"start":{"line":4,"column":2},"end":{"line":4,"column":7}},"loc":{"start":{"line":4,"column":15},"end":{"line":6,"column":null}},"line":4}},"branchMap":{"0":{"loc":{"start":{"line":5,"column":28},"end":{"line":5,"column":53}},"type":"binary-expr","locations":[{"start":{"line":5,"column":28},"end":{"line":5,"column":48}},{"start":{"line":5,"column":52},"end":{"line":5,"column":53}}],"line":5}},"s":{"0":0},"f":{"0":0},"b":{"0":[0,0]},"meta":{"lastBranch":1,"lastFunction":1,"lastStatement":1,"seen":{"f:4:2:4:7":0,"s:5:4:5:Infinity":0,"b:5:28:5:48:5:52:5:53":0}}}
,"/home/ubuntu/repos/auto-project/src/core/ability-effects/effects/blade-dance.js": {"path":"/home/ubuntu/repos/auto-project/src/core/ability-effects/effects/blade-dance.js","statementMap":{"0":{"start":{"line":5,"column":4},"end":{"line":5,"column":null}}},"fnMap":{"0":{"name":"(anonymous_0)","decl":{"start":{"line":4,"column":2},"end":{"line":4,"column":7}},"loc":{"start":{"line":4,"column":15},"end":{"line":6,"column":null}},"line":4}},"branchMap":{"0":{"loc":{"start":{"line":5,"column":24},"end":{"line":5,"column":45}},"type":"binary-expr","locations":[{"start":{"line":5,"column":24},"end":{"line":5,"column":40}},{"start":{"line":5,"column":44},"end":{"line":5,"column":45}}],"line":5}},"s":{"0":0},"f":{"0":0},"b":{"0":[0,0]},"meta":{"lastBranch":1,"lastFunction":1,"lastStatement":1,"seen":{"f:4:2:4:7":0,"s:5:4:5:Infinity":0,"b:5:24:5:40:5:44:5:45":0}}}
,"/home/ubuntu/repos/auto-project/src/core/ability-effects/effects/bleeding-chance.js": {"path":"/home/ubuntu/repos/auto-project/src/core/ability-effects/effects/bleeding-chance.js","statementMap":{"0":{"start":{"line":5,"column":4},"end":{"line":5,"column":null}}},"fnMap":{"0":{"name":"(anonymous_0)","decl":{"start":{"line":4,"column":2},"end":{"line":4,"column":7}},"loc":{"start":{"line":4,"column":15},"end":{"line":6,"column":null}},"line":4}},"branchMap":{"0":{"loc":{"start":{"line":5,"column":28},"end":{"line":5,"column":53}},"type":"binary-expr","locations":[{"start":{"line":5,"column":28},"end":{"line":5,"column":48}},{"start":{"line":5,"column":52},"end":{"line":5,"column":53}}],"line":5}},"s":{"0":0},"f":{"0":0},"b":{"0":[0,0]},"meta":{"lastBranch":1,"lastFunction":1,"lastStatement":1,"seen":{"f:4:2:4:7":0,"s:5:4:5:Infinity":0,"b:5:28:5:48:5:52:5:53":0}}}
,"/home/ubuntu/repos/auto-project/src/core/ability-effects/effects/block-chance.js": {"path":"/home/ubuntu/repos/auto-project/src/core/ability-effects/effects/block-chance.js","statementMap":{"0":{"start":{"line":5,"column":4},"end":{"line":5,"column":null}}},"fnMap":{"0":{"name":"(anonymous_0)","decl":{"start":{"line":4,"column":2},"end":{"line":4,"column":7}},"loc":{"start":{"line":4,"column":15},"end":{"line":6,"column":null}},"line":4}},"branchMap":{"0":{"loc":{"start":{"line":5,"column":25},"end":{"line":5,"column":47}},"type":"binary-expr","locations":[{"start":{"line":5,"column":25},"end":{"line":5,"column":42}},{"start":{"line":5,"column":46},"end":{"line":5,"column":47}}],"line":5}},"s":{"0":0},"f":{"0":0},"b":{"0":[0,0]},"meta":{"lastBranch":1,"lastFunction":1,"lastStatement":1,"seen":{"f:4:2:4:7":0,"s:5:4:5:Infinity":0,"b:5:25:5:42:5:46:5:47":0}}}
,"/home/ubuntu/repos/auto-project/src/core/ability-effects/effects/blood-strike.js": {"path":"/home/ubuntu/repos/auto-project/src/core/ability-effects/effects/blood-strike.js","statementMap":{"0":{"start":{"line":5,"column":4},"end":{"line":5,"column":null}}},"fnMap":{"0":{"name":"(anonymous_0)","decl":{"start":{"line":4,"column":2},"end":{"line":4,"column":7}},"loc":{"start":{"line":4,"column":15},"end":{"line":6,"column":null}},"line":4}},"branchMap":{"0":{"loc":{"start":{"line":5,"column":25},"end":{"line":5,"column":47}},"type":"binary-expr","locations":[{"start":{"line":5,"column":25},"end":{"line":5,"column":42}},{"start":{"line":5,"column":46},"end":{"line":5,"column":47}}],"line":5}},"s":{"0":0},"f":{"0":0},"b":{"0":[0,0]},"meta":{"lastBranch":1,"lastFunction":1,"lastStatement":1,"seen":{"f:4:2:4:7":0,"s:5:4:5:Infinity":0,"b:5:25:5:42:5:46:5:47":0}}}
,"/home/ubuntu/repos/auto-project/src/core/ability-effects/effects/cold-embrace-defense.js": {"path":"/home/ubuntu/repos/auto-project/src/core/ability-effects/effects/cold-embrace-defense.js","statementMap":{"0":{"start":{"line":5,"column":4},"end":{"line":5,"column":null}}},"fnMap":{"0":{"name":"(anonymous_0)","decl":{"start":{"line":4,"column":2},"end":{"line":4,"column":7}},"loc":{"start":{"line":4,"column":15},"end":{"line":6,"column":null}},"line":4}},"branchMap":{"0":{"loc":{"start":{"line":5,"column":32},"end":{"line":5,"column":61}},"type":"binary-expr","locations":[{"start":{"line":5,"column":32},"end":{"line":5,"column":56}},{"start":{"line":5,"column":60},"end":{"line":5,"column":61}}],"line":5}},"s":{"0":0},"f":{"0":0},"b":{"0":[0,0]},"meta":{"lastBranch":1,"lastFunction":1,"lastStatement":1,"seen":{"f:4:2:4:7":0,"s:5:4:5:Infinity":0,"b:5:32:5:56:5:60:5:61":0}}}
,"/home/ubuntu/repos/auto-project/src/core/ability-effects/effects/consecutive-attack-boost.js": {"path":"/home/ubuntu/repos/auto-project/src/core/ability-effects/effects/consecutive-attack-boost.js","statementMap":{"0":{"start":{"line":5,"column":4},"end":{"line":5,"column":null}}},"fnMap":{"0":{"name":"(anonymous_0)","decl":{"start":{"line":4,"column":2},"end":{"line":4,"column":7}},"loc":{"start":{"line":4,"column":15},"end":{"line":6,"column":null}},"line":4}},"branchMap":{"0":{"loc":{"start":{"line":5,"column":36},"end":{"line":5,"column":69}},"type":"binary-expr","locations":[{"start":{"line":5,"column":36},"end":{"line":5,"column":64}},{"start":{"line":5,"column":68},"end":{"line":5,"column":69}}],"line":5}},"s":{"0":0},"f":{"0":0},"b":{"0":[0,0]},"meta":{"lastBranch":1,"lastFunction":1,"lastStatement":1,"seen":{"f:4:2:4:7":0,"s:5:4:5:Infinity":0,"b:5:36:5:64:5:68:5:69":0}}}
,"/home/ubuntu/repos/auto-project/src/core/ability-effects/effects/counter-attack.js": {"path":"/home/ubuntu/repos/auto-project/src/core/ability-effects/effects/counter-attack.js","statementMap":{"0":{"start":{"line":5,"column":4},"end":{"line":5,"column":null}}},"fnMap":{"0":{"name":"(anonymous_0)","decl":{"start":{"line":4,"column":2},"end":{"line":4,"column":7}},"loc":{"start":{"line":4,"column":15},"end":{"line":6,"column":null}},"line":4}},"branchMap":{"0":{"loc":{"start":{"line":5,"column":27},"end":{"line":5,"column":51}},"type":"binary-expr","locations":[{"start":{"line":5,"column":27},"end":{"line":5,"column":46}},{"start":{"line":5,"column":50},"end":{"line":5,"column":51}}],"line":5}},"s":{"0":0},"f":{"0":0},"b":{"0":[0,0]},"meta":{"lastBranch":1,"lastFunction":1,"lastStatement":1,"seen":{"f:4:2:4:7":0,"s:5:4:5:Infinity":0,"b:5:27:5:46:5:50:5:51":0}}}
,"/home/ubuntu/repos/auto-project/src/core/ability-effects/effects/counter-chance.js": {"path":"/home/ubuntu/repos/auto-project/src/core/ability-effects/effects/counter-chance.js","statementMap":{"0":{"start":{"line":5,"column":4},"end":{"line":5,"column":null}}},"fnMap":{"0":{"name":"(anonymous_0)","decl":{"start":{"line":4,"column":2},"end":{"line":4,"column":7}},"loc":{"start":{"line":4,"column":15},"end":{"line":6,"column":null}},"line":4}},"branchMap":{"0":{"loc":{"start":{"line":5,"column":27},"end":{"line":5,"column":51}},"type":"binary-expr","locations":[{"start":{"line":5,"column":27},"end":{"line":5,"column":46}},{"start":{"line":5,"column":50},"end":{"line":5,"column":51}}],"line":5}},"s":{"0":0},"f":{"0":0},"b":{"0":[0,0]},"meta":{"lastBranch":1,"lastFunction":1,"lastStatement":1,"seen":{"f:4:2:4:7":0,"s:5:4:5:Infinity":0,"b:5:27:5:46:5:50:5:51":0}}}
,"/home/ubuntu/repos/auto-project/src/core/ability-effects/effects/coup-de-grace.js": {"path":"/home/ubuntu/repos/auto-project/src/core/ability-effects/effects/coup-de-grace.js","statementMap":{"0":{"start":{"line":5,"column":4},"end":{"line":5,"column":null}}},"fnMap":{"0":{"name":"(anonymous_0)","decl":{"start":{"line":4,"column":2},"end":{"line":4,"column":7}},"loc":{"start":{"line":4,"column":15},"end":{"line":6,"column":null}},"line":4}},"branchMap":{"0":{"loc":{"start":{"line":5,"column":25},"end":{"line":5,"column":47}},"type":"binary-expr","locations":[{"start":{"line":5,"column":25},"end":{"line":5,"column":42}},{"start":{"line":5,"column":46},"end":{"line":5,"column":47}}],"line":5}},"s":{"0":0},"f":{"0":0},"b":{"0":[0,0]},"meta":{"lastBranch":1,"lastFunction":1,"lastStatement":1,"seen":{"f:4:2:4:7":0,"s:5:4:5:Infinity":0,"b:5:25:5:42:5:46:5:47":0}}}
,"/home/ubuntu/repos/auto-project/src/core/ability-effects/effects/crit-armor-pierce.js": {"path":"/home/ubuntu/repos/auto-project/src/core/ability-effects/effects/crit-armor-pierce.js","statementMap":{"0":{"start":{"line":5,"column":4},"end":{"line":5,"column":null}}},"fnMap":{"0":{"name":"(anonymous_0)","decl":{"start":{"line":4,"column":2},"end":{"line":4,"column":7}},"loc":{"start":{"line":4,"column":15},"end":{"line":6,"column":null}},"line":4}},"branchMap":{"0":{"loc":{"start":{"line":5,"column":29},"end":{"line":5,"column":55}},"type":"binary-expr","locations":[{"start":{"line":5,"column":29},"end":{"line":5,"column":50}},{"start":{"line":5,"column":54},"end":{"line":5,"column":55}}],"line":5}},"s":{"0":0},"f":{"0":0},"b":{"0":[0,0]},"meta":{"lastBranch":1,"lastFunction":1,"lastStatement":1,"seen":{"f:4:2:4:7":0,"s:5:4:5:Infinity":0,"b:5:29:5:50:5:54:5:55":0}}}
,"/home/ubuntu/repos/auto-project/src/core/ability-effects/effects/crit-attack-boost.js": {"path":"/home/ubuntu/repos/auto-project/src/core/ability-effects/effects/crit-attack-boost.js","statementMap":{"0":{"start":{"line":5,"column":4},"end":{"line":5,"column":null}}},"fnMap":{"0":{"name":"(anonymous_0)","decl":{"start":{"line":4,"column":2},"end":{"line":4,"column":7}},"loc":{"start":{"line":4,"column":15},"end":{"line":6,"column":null}},"line":4}},"branchMap":{"0":{"loc":{"start":{"line":5,"column":29},"end":{"line":5,"column":55}},"type":"binary-expr","locations":[{"start":{"line":5,"column":29},"end":{"line":5,"column":50}},{"start":{"line":5,"column":54},"end":{"line":5,"column":55}}],"line":5}},"s":{"0":0},"f":{"0":0},"b":{"0":[0,0]},"meta":{"lastBranch":1,"lastFunction":1,"lastStatement":1,"seen":{"f:4:2:4:7":0,"s:5:4:5:Infinity":0,"b:5:29:5:50:5:54:5:55":0}}}
,"/home/ubuntu/repos/auto-project/src/core/ability-effects/effects/crit-battle-start.js": {"path":"/home/ubuntu/repos/auto-project/src/core/ability-effects/effects/crit-battle-start.js","statementMap":{"0":{"start":{"line":5,"column":4},"end":{"line":5,"column":null}}},"fnMap":{"0":{"name":"(anonymous_0)","decl":{"start":{"line":4,"column":2},"end":{"line":4,"column":7}},"loc":{"start":{"line":4,"column":15},"end":{"line":6,"column":null}},"line":4}},"branchMap":{"0":{"loc":{"start":{"line":5,"column":29},"end":{"line":5,"column":55}},"type":"binary-expr","locations":[{"start":{"line":5,"column":29},"end":{"line":5,"column":50}},{"start":{"line":5,"column":54},"end":{"line":5,"column":55}}],"line":5}},"s":{"0":0},"f":{"0":0},"b":{"0":[0,0]},"meta":{"lastBranch":1,"lastFunction":1,"lastStatement":1,"seen":{"f:4:2:4:7":0,"s:5:4:5:Infinity":0,"b:5:29:5:50:5:54:5:55":0}}}
,"/home/ubuntu/repos/auto-project/src/core/ability-effects/effects/crit-bonus-damage.js": {"path":"/home/ubuntu/repos/auto-project/src/core/ability-effects/effects/crit-bonus-damage.js","statementMap":{"0":{"start":{"line":5,"column":4},"end":{"line":5,"column":null}}},"fnMap":{"0":{"name":"(anonymous_0)","decl":{"start":{"line":4,"column":2},"end":{"line":4,"column":7}},"loc":{"start":{"line":4,"column":15},"end":{"line":6,"column":null}},"line":4}},"branchMap":{"0":{"loc":{"start":{"line":5,"column":29},"end":{"line":5,"column":55}},"type":"binary-expr","locations":[{"start":{"line":5,"column":29},"end":{"line":5,"column":50}},{"start":{"line":5,"column":54},"end":{"line":5,"column":55}}],"line":5}},"s":{"0":0},"f":{"0":0},"b":{"0":[0,0]},"meta":{"lastBranch":1,"lastFunction":1,"lastStatement":1,"seen":{"f:4:2:4:7":0,"s:5:4:5:Infinity":0,"b:5:29:5:50:5:54:5:55":0}}}
,"/home/ubuntu/repos/auto-project/src/core/ability-effects/effects/crit-chain-bonus.js": {"path":"/home/ubuntu/repos/auto-project/src/core/ability-effects/effects/crit-chain-bonus.js","statementMap":{"0":{"start":{"line":5,"column":4},"end":{"line":5,"column":null}}},"fnMap":{"0":{"name":"(anonymous_0)","decl":{"start":{"line":4,"column":2},"end":{"line":4,"column":7}},"loc":{"start":{"line":4,"column":15},"end":{"line":6,"column":null}},"line":4}},"branchMap":{"0":{"loc":{"start":{"line":5,"column":28},"end":{"line":5,"column":53}},"type":"binary-expr","locations":[{"start":{"line":5,"column":28},"end":{"line":5,"column":48}},{"start":{"line":5,"column":52},"end":{"line":5,"column":53}}],"line":5}},"s":{"0":0},"f":{"0":0},"b":{"0":[0,0]},"meta":{"lastBranch":1,"lastFunction":1,"lastStatement":1,"seen":{"f:4:2:4:7":0,"s:5:4:5:Infinity":0,"b:5:28:5:48:5:52:5:53":0}}}
,"/home/ubuntu/repos/auto-project/src/core/ability-effects/effects/crit-chance-boost.js": {"path":"/home/ubuntu/repos/auto-project/src/core/ability-effects/effects/crit-chance-boost.js","statementMap":{"0":{"start":{"line":5,"column":4},"end":{"line":5,"column":null}}},"fnMap":{"0":{"name":"(anonymous_0)","decl":{"start":{"line":4,"column":2},"end":{"line":4,"column":7}},"loc":{"start":{"line":4,"column":15},"end":{"line":6,"column":null}},"line":4}},"branchMap":{"0":{"loc":{"start":{"line":5,"column":24},"end":{"line":5,"column":45}},"type":"binary-expr","locations":[{"start":{"line":5,"column":24},"end":{"line":5,"column":40}},{"start":{"line":5,"column":44},"end":{"line":5,"column":45}}],"line":5}},"s":{"0":0},"f":{"0":0},"b":{"0":[0,0]},"meta":{"lastBranch":1,"lastFunction":1,"lastStatement":1,"seen":{"f:4:2:4:7":0,"s:5:4:5:Infinity":0,"b:5:24:5:40:5:44:5:45":0}}}
,"/home/ubuntu/repos/auto-project/src/core/ability-effects/effects/crit-chance.js": {"path":"/home/ubuntu/repos/auto-project/src/core/ability-effects/effects/crit-chance.js","statementMap":{"0":{"start":{"line":5,"column":4},"end":{"line":5,"column":null}}},"fnMap":{"0":{"name":"(anonymous_0)","decl":{"start":{"line":4,"column":2},"end":{"line":4,"column":7}},"loc":{"start":{"line":4,"column":15},"end":{"line":6,"column":null}},"line":4}},"branchMap":{"0":{"loc":{"start":{"line":5,"column":24},"end":{"line":5,"column":45}},"type":"binary-expr","locations":[{"start":{"line":5,"column":24},"end":{"line":5,"column":40}},{"start":{"line":5,"column":44},"end":{"line":5,"column":45}}],"line":5}},"s":{"0":1},"f":{"0":1},"b":{"0":[1,1]},"meta":{"lastBranch":1,"lastFunction":1,"lastStatement":1,"seen":{"f:4:2:4:7":0,"s:5:4:5:Infinity":0,"b:5:24:5:40:5:44:5:45":0}}}
,"/home/ubuntu/repos/auto-project/src/core/ability-effects/effects/crit-frost.js": {"path":"/home/ubuntu/repos/auto-project/src/core/ability-effects/effects/crit-frost.js","statementMap":{"0":{"start":{"line":5,"column":4},"end":{"line":5,"column":null}}},"fnMap":{"0":{"name":"(anonymous_0)","decl":{"start":{"line":4,"column":2},"end":{"line":4,"column":7}},"loc":{"start":{"line":4,"column":15},"end":{"line":6,"column":null}},"line":4}},"branchMap":{"0":{"loc":{"start":{"line":5,"column":29},"end":{"line":5,"column":55}},"type":"binary-expr","locations":[{"start":{"line":5,"column":29},"end":{"line":5,"column":50}},{"start":{"line":5,"column":54},"end":{"line":5,"column":55}}],"line":5}},"s":{"0":0},"f":{"0":0},"b":{"0":[0,0]},"meta":{"lastBranch":1,"lastFunction":1,"lastStatement":1,"seen":{"f:4:2:4:7":0,"s:5:4:5:Infinity":0,"b:5:29:5:50:5:54:5:55":0}}}
,"/home/ubuntu/repos/auto-project/src/core/ability-effects/effects/crit-gold-bonus.js": {"path":"/home/ubuntu/repos/auto-project/src/core/ability-effects/effects/crit-gold-bonus.js","statementMap":{"0":{"start":{"line":5,"column":4},"end":{"line":5,"column":null}}},"fnMap":{"0":{"name":"(anonymous_0)","decl":{"start":{"line":4,"column":2},"end":{"line":4,"column":7}},"loc":{"start":{"line":4,"column":15},"end":{"line":6,"column":null}},"line":4}},"branchMap":{"0":{"loc":{"start":{"line":5,"column":27},"end":{"line":5,"column":51}},"type":"binary-expr","locations":[{"start":{"line":5,"column":27},"end":{"line":5,"column":46}},{"start":{"line":5,"column":50},"end":{"line":5,"column":51}}],"line":5}},"s":{"0":0},"f":{"0":0},"b":{"0":[0,0]},"meta":{"lastBranch":1,"lastFunction":1,"lastStatement":1,"seen":{"f:4:2:4:7":0,"s:5:4:5:Infinity":0,"b:5:27:5:46:5:50:5:51":0}}}
,"/home/ubuntu/repos/auto-project/src/core/ability-effects/effects/crit-heal.js": {"path":"/home/ubuntu/repos/auto-project/src/core/ability-effects/effects/crit-heal.js","statementMap":{"0":{"start":{"line":5,"column":4},"end":{"line":5,"column":null}}},"fnMap":{"0":{"name":"(anonymous_0)","decl":{"start":{"line":4,"column":2},"end":{"line":4,"column":7}},"loc":{"start":{"line":4,"column":15},"end":{"line":6,"column":null}},"line":4}},"branchMap":{"0":{"loc":{"start":{"line":5,"column":28},"end":{"line":5,"column":53}},"type":"binary-expr","locations":[{"start":{"line":5,"column":28},"end":{"line":5,"column":48}},{"start":{"line":5,"column":52},"end":{"line":5,"column":53}}],"line":5}},"s":{"0":0},"f":{"0":0},"b":{"0":[0,0]},"meta":{"lastBranch":1,"lastFunction":1,"lastStatement":1,"seen":{"f:4:2:4:7":0,"s:5:4:5:Infinity":0,"b:5:28:5:48:5:52:5:53":0}}}
,"/home/ubuntu/repos/auto-project/src/core/ability-effects/effects/crit-hp-boost.js": {"path":"/home/ubuntu/repos/auto-project/src/core/ability-effects/effects/crit-hp-boost.js","statementMap":{"0":{"start":{"line":5,"column":4},"end":{"line":5,"column":null}}},"fnMap":{"0":{"name":"(anonymous_0)","decl":{"start":{"line":4,"column":2},"end":{"line":4,"column":7}},"loc":{"start":{"line":4,"column":15},"end":{"line":6,"column":null}},"line":4}},"branchMap":{"0":{"loc":{"start":{"line":5,"column":25},"end":{"line":5,"column":47}},"type":"binary-expr","locations":[{"start":{"line":5,"column":25},"end":{"line":5,"column":42}},{"start":{"line":5,"column":46},"end":{"line":5,"column":47}}],"line":5}},"s":{"0":0},"f":{"0":0},"b":{"0":[0,0]},"meta":{"lastBranch":1,"lastFunction":1,"lastStatement":1,"seen":{"f:4:2:4:7":0,"s:5:4:5:Infinity":0,"b:5:25:5:42:5:46:5:47":0}}}
,"/home/ubuntu/repos/auto-project/src/core/ability-effects/effects/crit-ignore-shield.js": {"path":"/home/ubuntu/repos/auto-project/src/core/ability-effects/effects/crit-ignore-shield.js","statementMap":{"0":{"start":{"line":5,"column":4},"end":{"line":5,"column":null}}},"fnMap":{"0":{"name":"(anonymous_0)","decl":{"start":{"line":4,"column":2},"end":{"line":4,"column":7}},"loc":{"start":{"line":4,"column":15},"end":{"line":6,"column":null}},"line":4}},"branchMap":{"0":{"loc":{"start":{"line":5,"column":30},"end":{"line":5,"column":57}},"type":"binary-expr","locations":[{"start":{"line":5,"column":30},"end":{"line":5,"column":52}},{"start":{"line":5,"column":56},"end":{"line":5,"column":57}}],"line":5}},"s":{"0":0},"f":{"0":0},"b":{"0":[0,0]},"meta":{"lastBranch":1,"lastFunction":1,"lastStatement":1,"seen":{"f:4:2:4:7":0,"s:5:4:5:Infinity":0,"b:5:30:5:52:5:56:5:57":0}}}
,"/home/ubuntu/repos/auto-project/src/core/ability-effects/effects/crit-lifesteal.js": {"path":"/home/ubuntu/repos/auto-project/src/core/ability-effects/effects/crit-lifesteal.js","statementMap":{"0":{"start":{"line":5,"column":4},"end":{"line":5,"column":null}}},"fnMap":{"0":{"name":"(anonymous_0)","decl":{"start":{"line":4,"column":2},"end":{"line":4,"column":7}},"loc":{"start":{"line":4,"column":15},"end":{"line":6,"column":null}},"line":4}},"branchMap":{"0":{"loc":{"start":{"line":5,"column":27},"end":{"line":5,"column":51}},"type":"binary-expr","locations":[{"start":{"line":5,"column":27},"end":{"line":5,"column":46}},{"start":{"line":5,"column":50},"end":{"line":5,"column":51}}],"line":5}},"s":{"0":0},"f":{"0":0},"b":{"0":[0,0]},"meta":{"lastBranch":1,"lastFunction":1,"lastStatement":1,"seen":{"f:4:2:4:7":0,"s:5:4:5:Infinity":0,"b:5:27:5:46:5:50:5:51":0}}}
,"/home/ubuntu/repos/auto-project/src/core/ability-effects/effects/crit-mana.js": {"path":"/home/ubuntu/repos/auto-project/src/core/ability-effects/effects/crit-mana.js","statementMap":{"0":{"start":{"line":5,"column":4},"end":{"line":5,"column":null}}},"fnMap":{"0":{"name":"(anonymous_0)","decl":{"start":{"line":4,"column":2},"end":{"line":4,"column":7}},"loc":{"start":{"line":4,"column":15},"end":{"line":6,"column":null}},"line":4}},"branchMap":{"0":{"loc":{"start":{"line":5,"column":29},"end":{"line":5,"column":55}},"type":"binary-expr","locations":[{"start":{"line":5,"column":29},"end":{"line":5,"column":50}},{"start":{"line":5,"column":54},"end":{"line":5,"column":55}}],"line":5}},"s":{"0":0},"f":{"0":0},"b":{"0":[0,0]},"meta":{"lastBranch":1,"lastFunction":1,"lastStatement":1,"seen":{"f:4:2:4:7":0,"s:5:4:5:Infinity":0,"b:5:29:5:50:5:54:5:55":0}}}
,"/home/ubuntu/repos/auto-project/src/core/ability-effects/effects/crit-multiplier.js": {"path":"/home/ubuntu/repos/auto-project/src/core/ability-effects/effects/crit-multiplier.js","statementMap":{"0":{"start":{"line":5,"column":4},"end":{"line":5,"column":null}}},"fnMap":{"0":{"name":"(anonymous_0)","decl":{"start":{"line":4,"column":2},"end":{"line":4,"column":7}},"loc":{"start":{"line":4,"column":15},"end":{"line":6,"column":null}},"line":4}},"branchMap":{"0":{"loc":{"start":{"line":5,"column":24},"end":{"line":5,"column":47}},"type":"binary-expr","locations":[{"start":{"line":5,"column":24},"end":{"line":5,"column":40}},{"start":{"line":5,"column":44},"end":{"line":5,"column":47}}],"line":5}},"s":{"0":0},"f":{"0":0},"b":{"0":[0,0]},"meta":{"lastBranch":1,"lastFunction":1,"lastStatement":1,"seen":{"f:4:2:4:7":0,"s:5:4:5:Infinity":0,"b:5:24:5:40:5:44:5:47":0}}}
,"/home/ubuntu/repos/auto-project/src/core/ability-effects/effects/crit-poison-chance.js": {"path":"/home/ubuntu/repos/auto-project/src/core/ability-effects/effects/crit-poison-chance.js","statementMap":{"0":{"start":{"line":5,"column":4},"end":{"line":5,"column":null}}},"fnMap":{"0":{"name":"(anonymous_0)","decl":{"start":{"line":4,"column":2},"end":{"line":4,"column":7}},"loc":{"start":{"line":4,"column":15},"end":{"line":6,"column":null}},"line":4}},"branchMap":{"0":{"loc":{"start":{"line":5,"column":30},"end":{"line":5,"column":57}},"type":"binary-expr","locations":[{"start":{"line":5,"column":30},"end":{"line":5,"column":52}},{"start":{"line":5,"column":56},"end":{"line":5,"column":57}}],"line":5}},"s":{"0":0},"f":{"0":0},"b":{"0":[0,0]},"meta":{"lastBranch":1,"lastFunction":1,"lastStatement":1,"seen":{"f:4:2:4:7":0,"s:5:4:5:Infinity":0,"b:5:30:5:52:5:56:5:57":0}}}
,"/home/ubuntu/repos/auto-project/src/core/ability-effects/effects/crit-poison.js": {"path":"/home/ubuntu/repos/auto-project/src/core/ability-effects/effects/crit-poison.js","statementMap":{"0":{"start":{"line":5,"column":4},"end":{"line":5,"column":null}}},"fnMap":{"0":{"name":"(anonymous_0)","decl":{"start":{"line":4,"column":2},"end":{"line":4,"column":7}},"loc":{"start":{"line":4,"column":15},"end":{"line":6,"column":null}},"line":4}},"branchMap":{"0":{"loc":{"start":{"line":5,"column":30},"end":{"line":5,"column":57}},"type":"binary-expr","locations":[{"start":{"line":5,"column":30},"end":{"line":5,"column":52}},{"start":{"line":5,"column":56},"end":{"line":5,"column":57}}],"line":5}},"s":{"0":0},"f":{"0":0},"b":{"0":[0,0]},"meta":{"lastBranch":1,"lastFunction":1,"lastStatement":1,"seen":{"f:4:2:4:7":0,"s:5:4:5:Infinity":0,"b:5:30:5:52:5:56:5:57":0}}}
,"/home/ubuntu/repos/auto-project/src/core/ability-effects/effects/crit-resistance.js": {"path":"/home/ubuntu/repos/auto-project/src/core/ability-effects/effects/crit-resistance.js","statementMap":{"0":{"start":{"line":5,"column":4},"end":{"line":5,"column":null}}},"fnMap":{"0":{"name":"(anonymous_0)","decl":{"start":{"line":4,"column":2},"end":{"line":4,"column":7}},"loc":{"start":{"line":4,"column":15},"end":{"line":6,"column":null}},"line":4}},"branchMap":{"0":{"loc":{"start":{"line":5,"column":28},"end":{"line":5,"column":53}},"type":"binary-expr","locations":[{"start":{"line":5,"column":28},"end":{"line":5,"column":48}},{"start":{"line":5,"column":52},"end":{"line":5,"column":53}}],"line":5}},"s":{"0":0},"f":{"0":0},"b":{"0":[0,0]},"meta":{"lastBranch":1,"lastFunction":1,"lastStatement":1,"seen":{"f:4:2:4:7":0,"s:5:4:5:Infinity":0,"b:5:28:5:48:5:52:5:53":0}}}
,"/home/ubuntu/repos/auto-project/src/core/ability-effects/effects/crit-shield.js": {"path":"/home/ubuntu/repos/auto-project/src/core/ability-effects/effects/crit-shield.js","statementMap":{"0":{"start":{"line":5,"column":4},"end":{"line":5,"column":null}}},"fnMap":{"0":{"name":"(anonymous_0)","decl":{"start":{"line":4,"column":2},"end":{"line":4,"column":7}},"loc":{"start":{"line":4,"column":15},"end":{"line":6,"column":null}},"line":4}},"branchMap":{"0":{"loc":{"start":{"line":5,"column":30},"end":{"line":5,"column":57}},"type":"binary-expr","locations":[{"start":{"line":5,"column":30},"end":{"line":5,"column":52}},{"start":{"line":5,"column":56},"end":{"line":5,"column":57}}],"line":5}},"s":{"0":0},"f":{"0":0},"b":{"0":[0,0]},"meta":{"lastBranch":1,"lastFunction":1,"lastStatement":1,"seen":{"f:4:2:4:7":0,"s:5:4:5:Infinity":0,"b:5:30:5:52:5:56:5:57":0}}}
[...]
,"/home/ubuntu/repos/auto-project/src/shops/economy.js": {"path":"/home/ubuntu/repos/auto-project/src/shops/economy.js","statementMap":{"0":{"start":{"line":45,"column":4},"end":{"line":45,"column":null}},"1":{"start":{"line":46,"column":4},"end":{"line":46,"column":null}},"2":{"start":{"line":47,"column":4},"end":{"line":47,"column":null}},"3":{"start":{"line":48,"column":4},"end":{"line":48,"column":null}},"4":{"start":{"line":49,"column":4},"end":{"line":49,"column":null}},"5":{"start":{"line":50,"column":4},"end":{"line":50,"column":null}},"6":{"start":{"line":51,"column":4},"end":{"line":51,"column":null}},"7":{"start":{"line":52,"column":4},"end":{"line":52,"column":null}},"8":{"start":{"line":53,"column":4},"end":{"line":53,"column":null}},"9":{"start":{"line":54,"column":4},"end":{"line":54,"column":null}},"10":{"start":{"line":55,"column":4},"end":{"line":55,"column":null}},"11":{"start":{"line":64,"column":4},"end":{"line":64,"column":null}},"12":{"start":{"line":65,"column":4},"end":{"line":65,"column":null}},"13":{"start":{"line":66,"column":4},"end":{"line":66,"column":null}},"14":{"start":{"line":67,"column":4},"end":{"line":67,"column":null}},"15":{"start":{"line":68,"column":4},"end":{"line":68,"column":null}},"16":{"start":{"line":79,"column":22},"end":{"line":79,"column":45}},"17":{"start":{"line":80,"column":20},"end":{"line":86,"column":5}},"18":{"start":{"line":88,"column":4},"end":{"line":105,"column":null}},"19":{"start":{"line":89,"column":6},"end":{"line":104,"column":null}},"20":{"start":{"line":90,"column":25},"end":{"line":90,"column":43}},"21":{"start":{"line":91,"column":8},"end":{"line":93,"column":null}},"22":{"start":{"line":92,"column":10},"end":{"line":92,"column":null}},"23":{"start":{"line":94,"column":8},"end":{"line":94,"column":null}},"24":{"start":{"line":95,"column":28},"end":{"line":95,"column":106}},"25":{"start":{"line":96,"column":8},"end":{"line":96,"column":null}},"26":{"start":{"line":97,"column":8},"end":{"line":97,"column":null}},"27":{"start":{"line":99,"column":29},"end":{"line":99,"column":68}},"28":{"start":{"line":100,"column":28},"end":{"line":100,"column":110}},"29":{"start":{"line":101,"column":8},"end":{"line":101,"column":null}},"30":{"start":{"line":102,"column":8},"end":{"line":102,"column":null}},"31":{"start":{"line":103,"column":8},"end":{"line":103,"column":null}},"32":{"start":{"line":107,"column":33},"end":{"line":107,"column":106}},"33":{"start":{"line":108,"column":21},"end":{"line":108,"column":102}},"34":{"start":{"line":109,"column":4},"end":{"line":109,"column":null}},"35":{"start":{"line":110,"column":4},"end":{"line":110,"column":null}},"36":{"start":{"line":112,"column":4},"end":{"line":112,"column":null}},"37":{"start":{"line":113,"column":4},"end":{"line":113,"column":null}},"38":{"start":{"line":125,"column":4},"end":{"line":127,"column":null}},"39":{"start":{"line":126,"column":6},"end":{"line":126,"column":null}},"40":{"start":{"line":129,"column":25},"end":{"line":132,"column":5}},"41":{"start":{"line":134,"column":4},"end":{"line":140,"column":null}},"42":{"start":{"line":135,"column":6},"end":{"line":135,"column":null}},"43":{"start":{"line":136,"column":6},"end":{"line":136,"column":null}},"44":{"start":{"line":138,"column":6},"end":{"line":138,"column":null}},"45":{"start":{"line":139,"column":6},"end":{"line":139,"column":null}},"46":{"start":{"line":142,"column":19},"end":{"line":142,"column":77}},"47":{"start":{"line":143,"column":4},"end":{"line":143,"column":null}},"48":{"start":{"line":144,"column":4},"end":{"line":144,"column":null}},"49":{"start":{"line":146,"column":4},"end":{"line":152,"column":null}},"50":{"start":{"line":162,"column":4},"end":{"line":162,"column":null}},"51":{"start":{"line":172,"column":4},"end":{"line":175,"column":null}},"52":{"start":{"line":173,"column":6},"end":{"line":173,"column":null}},"53":{"start":{"line":174,"column":6},"end":{"line":174,"column":null}},"54":{"start":{"line":176,"column":4},"end":{"line":176,"column":null}},"55":{"start":{"line":185,"column":4},"end":{"line":185,"column":null}},"56":{"start":{"line":194,"column":22},"end":{"line":194,"column":46}},"57":{"start":{"line":196,"column":20},"end":{"line":196,"column":62}},"58":{"start":{"line":197,"column":20},"end":{"line":197,"column":57}},"59":{"start":{"line":198,"column":20},"end":{"line":198,"column":45}},"60":{"start":{"line":200,"column":4},"end":{"line":200,"column":null}},"61":{"start":{"line":201,"column":4},"end":{"line":201,"column":null}},"62":{"start":{"line":202,"column":4},"end":{"line":202,"column":null}},"63":{"start":{"line":204,"column":18},"end":{"line":204,"column":51}},"64":{"start":{"line":205,"column":4},"end":{"line":209,"column":null}},"65":{"start":{"line":218,"column":26},"end":{"line":218,"column":64}},"66":{"start":{"line":219,"column":19},"end":{"line":219,"column":32}},"67":{"start":{"line":221,"column":4},"end":{"line":227,"column":null}},"68":{"start":{"line":222,"column":6},"end":{"line":222,"column":null}},"69":{"start":{"line":223,"column":11},"end":{"line":227,"column":null}},"70":{"start":{"line":224,"column":6},"end":{"line":224,"column":null}},"71":{"start":{"line":226,"column":6},"end":{"line":226,"column":null}}},"fnMap":{"0":{"name":"(anonymous_0)","decl":{"start":{"line":44,"column":2},"end":{"line":44,"column":13}},"loc":{"start":{"line":44,"column":16},"end":{"line":56,"column":null}},"line":44},"1":{"name":"(anonymous_1)","decl":{"start":{"line":63,"column":2},"end":{"line":63,"column":18}},"loc":{"start":{"line":63,"column":27},"end":{"line":69,"column":null}},"line":63},"2":{"name":"(anonymous_2)","decl":{"start":{"line":78,"column":2},"end":{"line":78,"column":22}},"loc":{"start":{"line":78,"column":67},"end":{"line":114,"column":null}},"line":78},"3":{"name":"(anonymous_3)","decl":{"start":{"line":124,"column":2},"end":{"line":124,"column":12}},"loc":{"start":{"line":124,"column":59},"end":{"line":153,"column":null}},"line":124},"4":{"name":"(anonymous_4)","decl":{"start":{"line":161,"column":2},"end":{"line":161,"column":11}},"loc":{"start":{"line":161,"column":26},"end":{"line":163,"column":null}},"line":161},"5":{"name":"(anonymous_5)","decl":{"start":{"line":171,"column":2},"end":{"line":171,"column":12}},"loc":{"start":{"line":171,"column":27},"end":{"line":177,"column":null}},"line":171},"6":{"name":"(anonymous_6)","decl":{"start":{"line":184,"column":2},"end":{"line":184,"column":16}},"loc":{"start":{"line":184,"column":25},"end":{"line":186,"column":null}},"line":184},"7":{"name":"(anonymous_7)","decl":{"start":{"line":193,"column":2},"end":{"line":193,"column":22}},"loc":{"start":{"line":193,"column":36},"end":{"line":210,"column":null}},"line":193},"8":{"name":"(anonymous_8)","decl":{"start":{"line":217,"column":2},"end":{"line":217,"column":18}},"loc":{"start":{"line":217,"column":32},"end":{"line":228,"column":null}},"line":217}},"branchMap":{"0":{"loc":{"start":{"line":78,"column":31},"end":{"line":78,"column":50}},"type":"default-arg","locations":[{"start":{"line":78,"column":46},"end":{"line":78,"column":50}}],"line":78},"1":{"loc":{"start":{"line":78,"column":52},"end":{"line":78,"column":65}},"type":"default-arg","locations":[{"start":{"line":78,"column":64},"end":{"line":78,"column":65}}],"line":78},"2":{"loc":{"start":{"line":88,"column":4},"end":{"line":105,"column":null}},"type":"if","locations":[{"start":{"line":88,"column":4},"end":{"line":105,"column":null}},{"start":{},"end":{}}],"line":88},"3":{"loc":{"start":{"line":89,"column":6},"end":{"line":104,"column":null}},"type":"if","locations":[{"start":{"line":89,"column":6},"end":{"line":104,"column":null}},{"start":{"line":98,"column":13},"end":{"line":104,"column":null}}],"line":89},"4":{"loc":{"start":{"line":91,"column":8},"end":{"line":93,"column":null}},"type":"if","locations":[{"start":{"line":91,"column":8},"end":{"line":93,"column":null}},{"start":{},"end":{}}],"line":91},"5":{"loc":{"start":{"line":124,"column":32},"end":{"line":124,"column":42}},"type":"default-arg","locations":[{"start":{"line":124,"column":41},"end":{"line":124,"column":42}}],"line":124},"6":{"loc":{"start":{"line":124,"column":44},"end":{"line":124,"column":57}},"type":"default-arg","locations":[{"start":{"line":124,"column":56},"end":{"line":124,"column":57}}],"line":124},"7":{"loc":{"start":{"line":125,"column":4},"end":{"line":127,"column":null}},"type":"if","locations":[{"start":{"line":125,"column":4},"end":{"line":127,"column":null}},{"start":{},"end":{}}],"line":125},"8":{"loc":{"start":{"line":134,"column":4},"end":{"line":140,"column":null}},"type":"if","locations":[{"start":{"line":134,"column":4},"end":{"line":140,"column":null}},{"start":{"line":137,"column":11},"end":{"line":140,"column":null}}],"line":134},"9":{"loc":{"start":{"line":135,"column":32},"end":{"line":135,"column":59}},"type":"binary-expr","locations":[{"start":{"line":135,"column":32},"end":{"line":135,"column":54}},{"start":{"line":135,"column":58},"end":{"line":135,"column":59}}],"line":135},"10":{"loc":{"start":{"line":138,"column":34},"end":{"line":138,"column":63}},"type":"binary-expr","locations":[{"start":{"line":138,"column":34},"end":{"line":138,"column":58}},{"start":{"line":138,"column":62},"end":{"line":138,"column":63}}],"line":138},"11":{"loc":{"start":{"line":144,"column":27},"end":{"line":144,"column":51}},"type":"binary-expr","locations":[{"start":{"line":144,"column":27},"end":{"line":144,"column":46}},{"start":{"line":144,"column":50},"end":{"line":144,"column":51}}],"line":144},"12":{"loc":{"start":{"line":162,"column":12},"end":{"line":162,"column":28}},"type":"binary-expr","locations":[{"start":{"line":162,"column":12},"end":{"line":162,"column":23}},{"start":{"line":162,"column":27},"end":{"line":162,"column":28}}],"line":162},"13":{"loc":{"start":{"line":172,"column":4},"end":{"line":175,"column":null}},"type":"if","locations":[{"start":{"line":172,"column":4},"end":{"line":175,"column":null}},{"start":{},"end":{}}],"line":172},"14":{"loc":{"start":{"line":185,"column":11},"end":{"line":185,"column":43}},"type":"binary-expr","locations":[{"start":{"line":185,"column":11},"end":{"line":185,"column":22}},{"start":{"line":185,"column":26},"end":{"line":185,"column":43}}],"line":185},"15":{"loc":{"start":{"line":221,"column":4},"end":{"line":227,"column":null}},"type":"if","locations":[{"start":{"line":221,"column":4},"end":{"line":227,"column":null}},{"start":{"line":223,"column":11},"end":{"line":227,"column":null}}],"line":221},"16":{"loc":{"start":{"line":223,"column":11},"end":{"line":227,"column":null}},"type":"if","locations":[{"start":{"line":223,"column":11},"end":{"line":227,"column":null}},{"start":{"line":225,"column":11},"end":{"line":227,"column":null}}],"line":223}},"s":{"0":13,"1":13,"2":13,"3":13,"4":13,"5":13,"6":13,"7":13,"8":13,"9":13,"10":13,"11":0,"12":0,"13":0,"14":0,"15":0,"16":10,"17":10,"18":10,"19":10,"20":5,"21":5,"22":0,"23":5,"24":5,"25":5,"26":5,"27":5,"28":5,"29":5,"30":5,"31":5,"32":10,"33":10,"34":10,"35":10,"36":10,"37":10,"38":10,"39":0,"40":10,"41":10,"42":5,"43":5,"44":5,"45":5,"46":10,"47":10,"48":10,"49":10,"50":4,"51":2,"52":1,"53":1,"54":1,"55":0,"56":22,"57":22,"58":22,"59":22,"60":22,"61":22,"62":22,"63":22,"64":22,"65":20,"66":20,"67":20,"68":5,"69":15,"70":2,"71":13},"f":{"0":13,"1":0,"2":10,"3":10,"4":4,"5":2,"6":0,"7":22,"8":20},"b":{"0":[10],"1":[10],"2":[10,0],"3":[5,5],"4":[0,5],"5":[10],"6":[10],"7":[0,10],"8":[5,5],"9":[5,4],"10":[5,4],"11":[10,9],"12":[4,0],"13":[1,1],"14":[0,0],"15":[5,15],"16":[2,13]},"meta":{"lastBranch":17,"lastFunction":9,"lastStatement":72,"seen":{"f:44:2:44:13":0,"s:45:4:45:Infinity":0,"s:46:4:46:Infinity":1,"s:47:4:47:Infinity":2,"s:48:4:48:Infinity":3,"s:49:4:49:Infinity":4,"s:50:4:50:Infinity":5,"s:51:4:51:Infinity":6,"s:52:4:52:Infinity":7,"s:53:4:53:Infinity":8,"s:54:4:54:Infinity":9,"s:55:4:55:Infinity":10,"f:63:2:63:18":1,"s:64:4:64:Infinity":11,"s:65:4:65:Infinity":12,"s:66:4:66:Infinity":13,"s:67:4:67:Infinity":14,"s:68:4:68:Infinity":15,"f:78:2:78:22":2,"b:78:46:78:50":0,"b:78:64:78:65":1,"s:79:22:79:45":16,"s:80:20:86:5":17,"b:88:4:105:Infinity:undefined:undefined:undefined:undefined":2,"s:88:4:105:Infinity":18,"b:89:6:104:Infinity:98:13:104:Infinity":3,"s:89:6:104:Infinity":19,"s:90:25:90:43":20,"b:91:8:93:Infinity:undefined:undefined:undefined:undefined":4,"s:91:8:93:Infinity":21,"s:92:10:92:Infinity":22,"s:94:8:94:Infinity":23,"s:95:28:95:106":24,"s:96:8:96:Infinity":25,"s:97:8:97:Infinity":26,"s:99:29:99:68":27,"s:100:28:100:110":28,"s:101:8:101:Infinity":29,"s:102:8:102:Infinity":30,"s:103:8:103:Infinity":31,"s:107:33:107:106":32,"s:108:21:108:102":33,"s:109:4:109:Infinity":34,"s:110:4:110:Infinity":35,"s:112:4:112:Infinity":36,"s:113:4:113:Infinity":37,"f:124:2:124:12":3,"b:124:41:124:42":5,"b:124:56:124:57":6,"b:125:4:127:Infinity:undefined:undefined:undefined:undefined":7,"s:125:4:127:Infinity":38,"s:126:6:126:Infinity":39,"s:129:25:132:5":40,"b:134:4:140:Infinity:137:11:140:Infinity":8,"s:134:4:140:Infinity":41,"s:135:6:135:Infinity":42,"b:135:32:135:54:135:58:135:59":9,"s:136:6:136:Infinity":43,"s:138:6:138:Infinity":44,"b:138:34:138:58:138:62:138:63":10,"s:139:6:139:Infinity":45,"s:142:19:142:77":46,"s:143:4:143:Infinity":47,"s:144:4:144:Infinity":48,"b:144:27:144:46:144:50:144:51":11,"s:146:4:152:Infinity":49,"f:161:2:161:11":4,"s:162:4:162:Infinity":50,"b:162:12:162:23:162:27:162:28":12,"f:171:2:171:12":5,"b:172:4:175:Infinity:undefined:undefined:undefined:undefined":13,"s:172:4:175:Infinity":51,"s:173:6:173:Infinity":52,"s:174:6:174:Infinity":53,"s:176:4:176:Infinity":54,"f:184:2:184:16":6,"s:185:4:185:Infinity":55,"b:185:11:185:22:185:26:185:43":14,"f:193:2:193:22":7,"s:194:22:194:46":56,"s:196:20:196:62":57,"s:197:20:197:57":58,"s:198:20:198:45":59,"s:200:4:200:Infinity":60,"s:201:4:201:Infinity":61,"s:202:4:202:Infinity":62,"s:204:18:204:51":63,"s:205:4:209:Infinity":64,"f:217:2:217:18":8,"s:218:26:218:64":65,"s:219:19:219:32":66,"b:221:4:227:Infinity:223:11:227:Infinity":15,"s:221:4:227:Infinity":67,"s:222:6:222:Infinity":68,"b:223:11:227:Infinity:225:11:227:Infinity":16,"s:223:11:227:Infinity":69,"s:224:6:224:Infinity":70,"s:226:6:226:Infinity":71}}}
,"/home/ubuntu/repos/auto-project/src/utils/rng.js": {"path":"/home/ubuntu/repos/auto-project/src/utils/rng.js","statementMap":{"0":{"start":{"line":7,"column":4},"end":{"line":7,"column":null}},"1":{"start":{"line":8,"column":4},"end":{"line":8,"column":null}},"2":{"start":{"line":16,"column":14},"end":{"line":16,"column":21}},"3":{"start":{"line":17,"column":14},"end":{"line":17,"column":24}},"4":{"start":{"line":18,"column":14},"end":{"line":18,"column":29}},"5":{"start":{"line":20,"column":4},"end":{"line":20,"column":null}},"6":{"start":{"line":21,"column":4},"end":{"line":21,"column":null}},"7":{"start":{"line":28,"column":4},"end":{"line":28,"column":null}},"8":{"start":{"line":35,"column":4},"end":{"line":35,"column":null}},"9":{"start":{"line":42,"column":4},"end":{"line":42,"column":null}},"10":{"start":{"line":49,"column":19},"end":{"line":49,"column":29}},"11":{"start":{"line":50,"column":4},"end":{"line":53,"column":null}},"12":{"start":{"line":50,"column":17},"end":{"line":50,"column":34}},"13":{"start":{"line":51,"column":16},"end":{"line":51,"column":40}},"14":{"start":{"line":52,"column":6},"end":{"line":52,"column":null}},"15":{"start":{"line":54,"column":4},"end":{"line":54,"column":null}},"16":{"start":{"line":61,"column":4},"end":{"line":61,"column":null}},"17":{"start":{"line":68,"column":4},"end":{"line":68,"column":null}},"18":{"start":{"line":69,"column":4},"end":{"line":69,"column":null}},"19":{"start":{"line":73,"column":25},"end":{"line":73,"column":34}},"20":{"start":{"line":76,"column":2},"end":{"line":76,"column":null}},"21":{"start":{"line":80,"column":2},"end":{"line":80,"column":null}},"22":{"start":{"line":84,"column":2},"end":{"line":84,"column":null}},"23":{"start":{"line":88,"column":2},"end":{"line":88,"column":null}},"24":{"start":{"line":92,"column":2},"end":{"line":92,"column":null}}},"fnMap":{"0":{"name":"(anonymous_0)","decl":{"start":{"line":6,"column":2},"end":{"line":6,"column":13}},"loc":{"start":{"line":6,"column":33},"end":{"line":9,"column":null}},"line":6},"1":{"name":"(anonymous_1)","decl":{"start":{"line":15,"column":2},"end":{"line":15,"column":8}},"loc":{"start":{"line":15,"column":11},"end":{"line":22,"column":null}},"line":15},"2":{"name":"(anonymous_2)","decl":{"start":{"line":27,"column":2},"end":{"line":27,"column":11}},"loc":{"start":{"line":27,"column":22},"end":{"line":29,"column":null}},"line":27},"3":{"name":"(anonymous_3)","decl":{"start":{"line":34,"column":2},"end":{"line":34,"column":13}},"loc":{"start":{"line":34,"column":24},"end":{"line":36,"column":null}},"line":34},"4":{"name":"(anonymous_4)","decl":{"start":{"line":41,"column":2},"end":{"line":41,"column":8}},"loc":{"start":{"line":41,"column":16},"end":{"line":43,"column":null}},"line":41},"5":{"name":"(anonymous_5)","decl":{"start":{"line":48,"column":2},"end":{"line":48,"column":9}},"loc":{"start":{"line":48,"column":17},"end":{"line":55,"column":null}},"line":48},"6":{"name":"(anonymous_6)","decl":{"start":{"line":60,"column":2},"end":{"line":60,"column":7}},"loc":{"start":{"line":60,"column":10},"end":{"line":62,"column":null}},"line":60},"7":{"name":"(anonymous_7)","decl":{"start":{"line":67,"column":2},"end":{"line":67,"column":9}},"loc":{"start":{"line":67,"column":16},"end":{"line":70,"column":null}},"line":67},"8":{"name":"random","decl":{"start":{"line":75,"column":16},"end":{"line":75,"column":22}},"loc":{"start":{"line":75,"column":25},"end":{"line":77,"column":null}},"line":75},"9":{"name":"randomInt","decl":{"start":{"line":79,"column":16},"end":{"line":79,"column":25}},"loc":{"start":{"line":79,"column":36},"end":{"line":81,"column":null}},"line":79},"10":{"name":"randomFloat","decl":{"start":{"line":83,"column":16},"end":{"line":83,"column":27}},"loc":{"start":{"line":83,"column":38},"end":{"line":85,"column":null}},"line":83},"11":{"name":"choice","decl":{"start":{"line":87,"column":16},"end":{"line":87,"column":22}},"loc":{"start":{"line":87,"column":30},"end":{"line":89,"column":null}},"line":87},"12":{"name":"shuffle","decl":{"start":{"line":91,"column":16},"end":{"line":91,"column":23}},"loc":{"start":{"line":91,"column":31},"end":{"line":93,"column":null}},"line":91}},"branchMap":{"0":{"loc":{"start":{"line":6,"column":14},"end":{"line":6,"column":31}},"type":"default-arg","locations":[{"start":{"line":6,"column":21},"end":{"line":6,"column":31}}],"line":6}},"s":{"0":25,"1":25,"2":386,"3":386,"4":386,"5":386,"6":386,"7":206,"8":0,"9":70,"10":4,"11":4,"12":4,"13":16,"14":16,"15":4,"16":1,"17":1,"18":1,"19":2,"20":0,"21":0,"22":0,"23":0,"24":0},"f":{"0":25,"1":386,"2":206,"3":0,"4":70,"5":4,"6":1,"7":1,"8":0,"9":0,"10":0,"11":0,"12":0},"b":{"0":[25]},"meta":{"lastBranch":1,"lastFunction":13,"lastStatement":25,"seen":{"f:6:2:6:13":0,"b:6:21:6:31":0,"s:7:4:7:Infinity":0,"s:8:4:8:Infinity":1,"f:15:2:15:8":1,"s:16:14:16:21":2,"s:17:14:17:24":3,"s:18:14:18:29":4,"s:20:4:20:Infinity":5,"s:21:4:21:Infinity":6,"f:27:2:27:11":2,"s:28:4:28:Infinity":7,"f:34:2:34:13":3,"s:35:4:35:Infinity":8,"f:41:2:41:8":4,"s:42:4:42:Infinity":9,"f:48:2:48:9":5,"s:49:19:49:29":10,"s:50:4:53:Infinity":11,"s:50:17:50:34":12,"s:51:16:51:40":13,"s:52:6:52:Infinity":14,"s:54:4:54:Infinity":15,"f:60:2:60:7":6,"s:61:4:61:Infinity":16,"f:67:2:67:9":7,"s:68:4:68:Infinity":17,"s:69:4:69:Infinity":18,"s:73:25:73:34":19,"f:75:16:75:22":8,"s:76:2:76:Infinity":20,"f:79:16:79:25":9,"s:80:2:80:Infinity":21,"f:83:16:83:27":10,"s:84:2:84:Infinity":22,"f:87:16:87:22":11,"s:88:2:88:Infinity":23,"f:91:16:91:23":12,"s:92:2:92:Infinity":24}}}
}
